====================================
🚀 Starting Orchestration Pipeline
====================================
✔ WORKSPACE = /Users/manoharazalki/F1-Analytics
✔ LOG FILE  = /Users/manoharazalki/F1-Analytics/scripts/logs/orchestration_20260625_104557.log

🔍 Step 1 — Checking control table...
WARNING: Using incubator modules: jdk.incubator.vector
Using Spark's default log4j profile: org/apache/spark/log4j2-defaults.properties
26/06/25 10:45:58 WARN Utils: Your hostname, Manohars-MacBook-Air.local, resolves to a loopback address: 127.0.0.1; using 172.16.110.54 instead (on interface en0)
26/06/25 10:45:58 WARN Utils: Set SPARK_LOCAL_IP if you need to bind to another address
Using Spark's default log4j profile: org/apache/spark/log4j2-defaults.properties
Setting default log level to "WARN".
To adjust logging level use sc.setLogLevel(newLevel). For SparkR, use setLogLevel(newLevel).
26/06/25 10:46:00 WARN NativeCodeLoader: Unable to load native-hadoop library for your platform... using builtin-java classes where applicable
[INFO] Control table already exists — not modifying it
====================================
✔ Control table ready
Directory: /Users/manoharazalki/F1-Analytics/data/control
Table:     /Users/manoharazalki/F1-Analytics/data/control/batch_events.parquet
====================================

🔍 Step 2 — Identifying next batch...
p_batch_id 2025-02
has_batch true

✔ Batch detected: 2025-02

📝 Step 3 — Creating new batch entry...
====================================
✔ Batch entry created/updated
Batch ID: 2025-02
Control table: /Users/manoharazalki/F1-Analytics/data/control/batch_events.parquet
====================================

🚦 Step 4 — Running pipeline for batch: 2025-02
====================================
🏎️  Starting F1 Pipeline (Bronze → Silver → Gold)
====================================
✔ WORKSPACE = /Users/manoharazalki/F1-Analytics
✔ BATCH_ID  = 2025-02
✔ MASTER LOG = /Users/manoharazalki/F1-Analytics/scripts/logs/pipeline_2025-02_20260625_104602.log
✔ STEP LOGS  = /Users/manoharazalki/F1-Analytics/scripts/logs/pipeline/2025-02

✔ Using script directories:
  BRONZE = /Users/manoharazalki/F1-Analytics/notebooks/02-bronze
  SILVER = /Users/manoharazalki/F1-Analytics/notebooks/03-silver
  GOLD   = /Users/manoharazalki/F1-Analytics/notebooks/04-gold

------------------------------------
🥉 Running BRONZE Layer
------------------------------------
▶ Running: 01_ingest_circuits.py
WARNING: Using incubator modules: jdk.incubator.vector
Using Spark's default log4j profile: org/apache/spark/log4j2-defaults.properties
26/06/25 10:46:02 WARN Utils: Your hostname, Manohars-MacBook-Air.local, resolves to a loopback address: 127.0.0.1; using 172.16.110.54 instead (on interface en0)
26/06/25 10:46:02 WARN Utils: Set SPARK_LOCAL_IP if you need to bind to another address
Using Spark's default log4j profile: org/apache/spark/log4j2-defaults.properties
Setting default log level to "WARN".
To adjust logging level use sc.setLogLevel(newLevel). For SparkR, use setLogLevel(newLevel).
26/06/25 10:46:02 WARN NativeCodeLoader: Unable to load native-hadoop library for your platform... using builtin-java classes where applicable
[INFO] WORKSPACE = /Users/manoharazalki/F1-Analytics
[INFO] BATCH_ID  = 2025-02
[INFO] bronze_helpers WORKSPACE = /Users/manoharazalki/F1-Analytics
[INFO] bronze_helpers loaded successfully.
[INFO] Source file: /Users/manoharazalki/F1-Analytics/data/landing/2025-02/circuits.csv
[INFO] Target path: /Users/manoharazalki/F1-Analytics/data/bronze/circuits/circuits.parquet
[INFO] ✔ Circuits file read successfully
[INFO] ✔ Metadata added
[INFO] ✔ Circuits Bronze written to: /Users/manoharazalki/F1-Analytics/data/bronze/circuits/circuits.parquet
[INFO] Showing sample from Bronze output:
+---------+--------------------+--------------------+--------+--------+----------+---------+--------------------+--------------------+--------+
|circuitId|                 url|         circuitName|     lat|    long|  locality|  country|    ingest_timestamp|         source_file|batch_id|
+---------+--------------------+--------------------+--------+--------+----------+---------+--------------------+--------------------+--------+
|     NULL|https://en.wikipe...|circuit gilles vi...|    45.5|-73.5228|  montreal|   Canada|2026-06-25 10:46:...|/Users/manoharaza...| 2025-02|
|     NULL|https://en.wikipe...|losail internatio...|   25.49| 51.4542|    lusail|    Qatar|2026-06-25 10:46:...|/Users/manoharaza...| 2025-02|
| adelaide|https://en.wikipe...|adelaide street c...|-34.9272| 138.617|  adelaide|Australia|2026-06-25 10:46:...|/Users/manoharaza...| 2025-02|
| ain-diab|https://en.wikipe...|            ain diab| 33.5786| -7.6875|casablanca|  Morocco|2026-06-25 10:46:...|/Users/manoharaza...| 2025-02|
|  aintree|https://en.wikipe...|             aintree| 53.4769|-2.94056| liverpool|       UK|2026-06-25 10:46:...|/Users/manoharaza...| 2025-02|
+---------+--------------------+--------------------+--------+--------+----------+---------+--------------------+--------------------+--------+
only showing top 5 rows
✔ Completed: 01_ingest_circuits.py

▶ Running: 02_ingest_races.py
WARNING: Using incubator modules: jdk.incubator.vector
Using Spark's default log4j profile: org/apache/spark/log4j2-defaults.properties
26/06/25 10:46:06 WARN Utils: Your hostname, Manohars-MacBook-Air.local, resolves to a loopback address: 127.0.0.1; using 172.16.110.54 instead (on interface en0)
26/06/25 10:46:06 WARN Utils: Set SPARK_LOCAL_IP if you need to bind to another address
Using Spark's default log4j profile: org/apache/spark/log4j2-defaults.properties
Setting default log level to "WARN".
To adjust logging level use sc.setLogLevel(newLevel). For SparkR, use setLogLevel(newLevel).
26/06/25 10:46:07 WARN NativeCodeLoader: Unable to load native-hadoop library for your platform... using builtin-java classes where applicable
[INFO] WORKSPACE = /Users/manoharazalki/F1-Analytics
[INFO] BATCH_ID  = 2025-02
[INFO] bronze_helpers WORKSPACE = /Users/manoharazalki/F1-Analytics
[INFO] bronze_helpers loaded successfully.
[INFO] Source file: /Users/manoharazalki/F1-Analytics/data/landing/2025-02/races.csv
[INFO] Target path: /Users/manoharazalki/F1-Analytics/data/bronze/races/races.parquet
[INFO] ✔ Races file read successfully
[INFO] ✔ Metadata added
[INFO] ✔ Races Bronze written to: /Users/manoharazalki/F1-Analytics/data/bronze/races/races.parquet
[INFO] Showing sample from Bronze output:
+------+-----+--------------------+------------------+----------+------------+--------------------+--------------------+--------+
|season|round|                 url|          raceName|      date|   circuitId|    ingest_timestamp|         source_file|batch_id|
+------+-----+--------------------+------------------+----------+------------+--------------------+--------------------+--------+
|  1950|    1|https://en.wikipe...|british grand prix|1950-05-13| silverstone|2026-06-25 10:46:...|/Users/manoharaza...| 2025-02|
|  1950|    2|https://en.wikipe...| monaco grand prix|1950-05-21|      monaco|2026-06-25 10:46:...|/Users/manoharaza...| 2025-02|
|  1950|    3|https://en.wikipe...|  indianapolis 500|1950-05-30|indianapolis|2026-06-25 10:46:...|/Users/manoharaza...| 2025-02|
|  1950|    4|https://en.wikipe...|  swiss grand prix|1950-06-04|  bremgarten|2026-06-25 10:46:...|/Users/manoharaza...| 2025-02|
|  1950|    5|https://en.wikipe...|belgian grand prix|1950-06-18|         spa|2026-06-25 10:46:...|/Users/manoharaza...| 2025-02|
+------+-----+--------------------+------------------+----------+------------+--------------------+--------------------+--------+
only showing top 5 rows
✔ Completed: 02_ingest_races.py

▶ Running: 03_ingest_drivers.py
WARNING: Using incubator modules: jdk.incubator.vector
Using Spark's default log4j profile: org/apache/spark/log4j2-defaults.properties
26/06/25 10:46:11 WARN Utils: Your hostname, Manohars-MacBook-Air.local, resolves to a loopback address: 127.0.0.1; using 172.16.110.54 instead (on interface en0)
26/06/25 10:46:11 WARN Utils: Set SPARK_LOCAL_IP if you need to bind to another address
Using Spark's default log4j profile: org/apache/spark/log4j2-defaults.properties
Setting default log level to "WARN".
To adjust logging level use sc.setLogLevel(newLevel). For SparkR, use setLogLevel(newLevel).
26/06/25 10:46:11 WARN NativeCodeLoader: Unable to load native-hadoop library for your platform... using builtin-java classes where applicable
[INFO] WORKSPACE = /Users/manoharazalki/F1-Analytics
[INFO] BATCH_ID  = 2025-02
[INFO] bronze_helpers WORKSPACE = /Users/manoharazalki/F1-Analytics
[INFO] bronze_helpers loaded successfully.
[INFO] Source file: /Users/manoharazalki/F1-Analytics/data/landing/2025-02/drivers.json
[INFO] Target path: /Users/manoharazalki/F1-Analytics/data/bronze/drivers/drivers.parquet
[INFO] ✔ Drivers file read successfully
[INFO] ✔ Metadata added
[INFO] ✔ Drivers Bronze written to: /Users/manoharazalki/F1-Analytics/data/bronze/drivers/drivers.parquet
[INFO] Showing sample from Bronze output:
+---------+-------------------+-----------+-----------+--------------------+--------------------+--------------------+--------+
| driverId|               name|dateOfBirth|nationality|                 url|    ingest_timestamp|         source_file|batch_id|
+---------+-------------------+-----------+-----------+--------------------+--------------------+--------------------+--------+
|    abate|     {carlo, abate}| 1932-07-10|    italian|http://en.wikiped...|2026-06-25 10:46:...|/Users/manoharaza...| 2025-02|
|abecassis|{george, abecassis}| 1913-03-21|    british|http://en.wikiped...|2026-06-25 10:46:...|/Users/manoharaza...| 2025-02|
|  acheson|   {kenny, acheson}| 1957-11-27|    british|http://en.wikiped...|2026-06-25 10:46:...|/Users/manoharaza...| 2025-02|
|    adams|  {philippe, adams}| 1969-11-19|    belgian|http://en.wikiped...|2026-06-25 10:46:...|/Users/manoharaza...| 2025-02|
|     ader|       {walt, ader}| 1913-12-15|   american|http://en.wikiped...|2026-06-25 10:46:...|/Users/manoharaza...| 2025-02|
+---------+-------------------+-----------+-----------+--------------------+--------------------+--------------------+--------+
only showing top 5 rows
✔ Completed: 03_ingest_drivers.py

▶ Running: 04_ingest_constructors.py
WARNING: Using incubator modules: jdk.incubator.vector
Using Spark's default log4j profile: org/apache/spark/log4j2-defaults.properties
26/06/25 10:46:15 WARN Utils: Your hostname, Manohars-MacBook-Air.local, resolves to a loopback address: 127.0.0.1; using 172.16.110.54 instead (on interface en0)
26/06/25 10:46:15 WARN Utils: Set SPARK_LOCAL_IP if you need to bind to another address
Using Spark's default log4j profile: org/apache/spark/log4j2-defaults.properties
Setting default log level to "WARN".
To adjust logging level use sc.setLogLevel(newLevel). For SparkR, use setLogLevel(newLevel).
26/06/25 10:46:15 WARN NativeCodeLoader: Unable to load native-hadoop library for your platform... using builtin-java classes where applicable
[INFO] WORKSPACE = /Users/manoharazalki/F1-Analytics
[INFO] BATCH_ID  = 2025-02
[INFO] bronze_helpers WORKSPACE = /Users/manoharazalki/F1-Analytics
[INFO] bronze_helpers loaded successfully.
[INFO] Source file: /Users/manoharazalki/F1-Analytics/data/landing/2025-02/constructors.json
[INFO] Target path: /Users/manoharazalki/F1-Analytics/data/bronze/constructors/constructors.parquet
[INFO] ✔ Constructors file read successfully
[INFO] ✔ Metadata added
[INFO] ✔ Constructors Bronze written to: /Users/manoharazalki/F1-Analytics/data/bronze/constructors/constructors.parquet
[INFO] Showing sample from Bronze output:
+-------------+----------+-----------+--------------------+--------------------+--------------------+--------+
|constructorId|      name|nationality|                 url|    ingest_timestamp|         source_file|batch_id|
+-------------+----------+-----------+--------------------+--------------------+--------------------+--------+
|        adams|     Adams|   american|http://en.wikiped...|2026-06-25 10:46:...|/Users/manoharaza...| 2025-02|
|          afm|       AFM|     german|http://en.wikiped...|2026-06-25 10:46:...|/Users/manoharaza...| 2025-02|
|          ags|       AGS|     french|http://en.wikiped...|2026-06-25 10:46:...|/Users/manoharaza...| 2025-02|
|         alfa|Alfa Romeo|      swiss|http://en.wikiped...|2026-06-25 10:46:...|/Users/manoharaza...| 2025-02|
|   alphatauri|AlphaTauri|    italian|http://en.wikiped...|2026-06-25 10:46:...|/Users/manoharaza...| 2025-02|
+-------------+----------+-----------+--------------------+--------------------+--------------------+--------+
only showing top 5 rows
✔ Completed: 04_ingest_constructors.py

▶ Running: 05_ingest_results.py
WARNING: Using incubator modules: jdk.incubator.vector
Using Spark's default log4j profile: org/apache/spark/log4j2-defaults.properties
26/06/25 10:46:19 WARN Utils: Your hostname, Manohars-MacBook-Air.local, resolves to a loopback address: 127.0.0.1; using 172.16.110.54 instead (on interface en0)
26/06/25 10:46:19 WARN Utils: Set SPARK_LOCAL_IP if you need to bind to another address
Using Spark's default log4j profile: org/apache/spark/log4j2-defaults.properties
Setting default log level to "WARN".
To adjust logging level use sc.setLogLevel(newLevel). For SparkR, use setLogLevel(newLevel).
26/06/25 10:46:19 WARN NativeCodeLoader: Unable to load native-hadoop library for your platform... using builtin-java classes where applicable
[INFO] WORKSPACE = /Users/manoharazalki/F1-Analytics
[INFO] BATCH_ID  = 2025-02
[INFO] bronze_helpers WORKSPACE = /Users/manoharazalki/F1-Analytics
[INFO] bronze_helpers loaded successfully.
[INFO] Source file: /Users/manoharazalki/F1-Analytics/data/landing/2025-02/results/results_2025.json
[INFO] Target path: /Users/manoharazalki/F1-Analytics/data/bronze/results/results.parquet
[INFO] ✔ Results file read successfully
[INFO] ✔ Results Bronze written to: /Users/manoharazalki/F1-Analytics/data/bronze/results/results.parquet
+-------------+----------+--------+----+----+------+------+--------+------------+------------------+-----+------+--------+-----------------------------------------------------+--------------------------+--------------------------------------------------------------------------------+--------+
|constructorId|date      |driverId|grid|laps|number|points|position|positionText|raceName          |round|season|status  |url                                                  |ingest_timestamp          |source_file                                                                     |batch_id|
+-------------+----------+--------+----+----+------+------+--------+------------+------------------+-----+------+--------+-----------------------------------------------------+--------------------------+--------------------------------------------------------------------------------+--------+
|mclaren      |2025-03-23|piastri |1   |56  |81    |25.0  |1       |1           |chinese grand prix|2    |2025  |Finished|https://en.wikipedia.org/wiki/2025_Chinese_Grand_Prix|2026-06-25 10:46:21.464912|/Users/manoharazalki/F1-Analytics/data/landing/2025-02/results/results_2025.json|2025-02 |
+-------------+----------+--------+----+----+------+------+--------+------------+------------------+-----+------+--------+-----------------------------------------------------+--------------------------+--------------------------------------------------------------------------------+--------+

✔ Completed: 05_ingest_results.py

▶ Running: 06_ingest_sprints.py
WARNING: Using incubator modules: jdk.incubator.vector
Using Spark's default log4j profile: org/apache/spark/log4j2-defaults.properties
26/06/25 10:46:23 WARN Utils: Your hostname, Manohars-MacBook-Air.local, resolves to a loopback address: 127.0.0.1; using 172.16.110.54 instead (on interface en0)
26/06/25 10:46:23 WARN Utils: Set SPARK_LOCAL_IP if you need to bind to another address
Using Spark's default log4j profile: org/apache/spark/log4j2-defaults.properties
Setting default log level to "WARN".
To adjust logging level use sc.setLogLevel(newLevel). For SparkR, use setLogLevel(newLevel).
26/06/25 10:46:23 WARN NativeCodeLoader: Unable to load native-hadoop library for your platform... using builtin-java classes where applicable
[INFO] WORKSPACE = /Users/manoharazalki/F1-Analytics
[INFO] BATCH_ID  = 2025-02
[INFO] bronze_helpers WORKSPACE = /Users/manoharazalki/F1-Analytics
[INFO] bronze_helpers loaded successfully.
[INFO] Source file: /Users/manoharazalki/F1-Analytics/data/landing/2025-02/sprints/sprints_2025.json
[INFO] Target path: /Users/manoharazalki/F1-Analytics/data/bronze/sprints/sprints.parquet
[INFO] ✔ Sprints file read successfully
[INFO] ✔ Sprints Bronze written to: /Users/manoharazalki/F1-Analytics/data/bronze/sprints/sprints.parquet
+----------+------------------+-----+------+-----------------------------------------------------+-------------+--------------+----+----+------+------+--------+------------+--------+--------------------------+--------------------------------------------------------------------------------+--------+
|date      |raceName          |round|season|url                                                  |constructorId|driverId      |grid|laps|number|points|position|positionText|status  |ingest_timestamp          |source_file                                                                     |batch_id|
+----------+------------------+-----+------+-----------------------------------------------------+-------------+--------------+----+----+------+------+--------+------------+--------+--------------------------+--------------------------------------------------------------------------------+--------+
|2025-03-23|chinese grand prix|2    |2025  |https://en.wikipedia.org/wiki/2025_Chinese_Grand_Prix|ferrari      |hamilton      |1   |19  |44    |8.0   |1       |1           |Finished|2026-06-25 10:46:25.304128|/Users/manoharazalki/F1-Analytics/data/landing/2025-02/sprints/sprints_2025.json|2025-02 |
|2025-03-23|chinese grand prix|2    |2025  |https://en.wikipedia.org/wiki/2025_Chinese_Grand_Prix|mclaren      |piastri       |3   |19  |81    |7.0   |2       |2           |Finished|2026-06-25 10:46:25.304128|/Users/manoharazalki/F1-Analytics/data/landing/2025-02/sprints/sprints_2025.json|2025-02 |
|2025-03-23|chinese grand prix|2    |2025  |https://en.wikipedia.org/wiki/2025_Chinese_Grand_Prix|red_bull     |max_verstappen|2   |19  |1     |6.0   |3       |3           |Finished|2026-06-25 10:46:25.304128|/Users/manoharazalki/F1-Analytics/data/landing/2025-02/sprints/sprints_2025.json|2025-02 |
|2025-03-23|chinese grand prix|2    |2025  |https://en.wikipedia.org/wiki/2025_Chinese_Grand_Prix|mercedes     |russell       |5   |19  |63    |5.0   |4       |4           |Finished|2026-06-25 10:46:25.304128|/Users/manoharazalki/F1-Analytics/data/landing/2025-02/sprints/sprints_2025.json|2025-02 |
|2025-03-23|chinese grand prix|2    |2025  |https://en.wikipedia.org/wiki/2025_Chinese_Grand_Prix|ferrari      |leclerc       |4   |19  |16    |4.0   |5       |5           |Finished|2026-06-25 10:46:25.304128|/Users/manoharazalki/F1-Analytics/data/landing/2025-02/sprints/sprints_2025.json|2025-02 |
+----------+------------------+-----+------+-----------------------------------------------------+-------------+--------------+----+----+------+------+--------+------------+--------+--------------------------+--------------------------------------------------------------------------------+--------+
only showing top 5 rows
✔ Completed: 06_ingest_sprints.py

✔ Bronze layer completed

------------------------------------
🥈 Running SILVER Layer
------------------------------------
▶ Running: 01_transform_circuits.py
WARNING: Using incubator modules: jdk.incubator.vector
Using Spark's default log4j profile: org/apache/spark/log4j2-defaults.properties
26/06/25 10:46:27 WARN Utils: Your hostname, Manohars-MacBook-Air.local, resolves to a loopback address: 127.0.0.1; using 172.16.110.54 instead (on interface en0)
26/06/25 10:46:27 WARN Utils: Set SPARK_LOCAL_IP if you need to bind to another address
Using Spark's default log4j profile: org/apache/spark/log4j2-defaults.properties
Setting default log level to "WARN".
To adjust logging level use sc.setLogLevel(newLevel). For SparkR, use setLogLevel(newLevel).
26/06/25 10:46:28 WARN NativeCodeLoader: Unable to load native-hadoop library for your platform... using builtin-java classes where applicable
26/06/25 10:46:29 WARN SparkSession: Using an existing Spark session; only runtime SQL configurations will take effect.
[INFO] WORKSPACE = /Users/manoharazalki/F1-Analytics
[INFO] BATCH_ID  = 2025-02
[INFO] silver_helpers WORKSPACE = /Users/manoharazalki/F1-Analytics
[INFO] silver_helpers loaded successfully.
[INFO] Bronze path: /Users/manoharazalki/F1-Analytics/data/bronze/circuits/circuits.parquet
[INFO] Silver path: /Users/manoharazalki/F1-Analytics/data/silver/circuits/circuits.parquet
[INFO] ✔ Bronze circuits read
+---------+--------------------+--------------------+--------+--------+----------+---------+--------------------+--------------------+--------+
|circuitId|                 url|         circuitName|     lat|    long|  locality|  country|    ingest_timestamp|         source_file|batch_id|
+---------+--------------------+--------------------+--------+--------+----------+---------+--------------------+--------------------+--------+
|     NULL|https://en.wikipe...|circuit gilles vi...|    45.5|-73.5228|  montreal|   Canada|2026-06-25 10:46:...|/Users/manoharaza...| 2025-02|
|     NULL|https://en.wikipe...|losail internatio...|   25.49| 51.4542|    lusail|    Qatar|2026-06-25 10:46:...|/Users/manoharaza...| 2025-02|
| adelaide|https://en.wikipe...|adelaide street c...|-34.9272| 138.617|  adelaide|Australia|2026-06-25 10:46:...|/Users/manoharaza...| 2025-02|
| ain-diab|https://en.wikipe...|            ain diab| 33.5786| -7.6875|casablanca|  Morocco|2026-06-25 10:46:...|/Users/manoharaza...| 2025-02|
|  aintree|https://en.wikipe...|             aintree| 53.4769|-2.94056| liverpool|       UK|2026-06-25 10:46:...|/Users/manoharaza...| 2025-02|
+---------+--------------------+--------------------+--------+--------+----------+---------+--------------------+--------------------+--------+
only showing top 5 rows
[INFO] ✔ Circuits Silver written: /Users/manoharazalki/F1-Analytics/data/silver/circuits/circuits.parquet
+-----------+--------------------+--------+---------+----------+------------+--------------------+--------------------+--------+--------------------+--------------------+
| circuit_id|        circuit_name|latitude|longitude|  locality|country_name|    ingest_timestamp|         source_file|batch_id|   created_timestamp|   updated_timestamp|
+-----------+--------------------+--------+---------+----------+------------+--------------------+--------------------+--------+--------------------+--------------------+
|   adelaide|Adelaide Street C...|-34.9272|  138.617|  Adelaide|   Australia|2026-06-25 10:46:...|/Users/manoharaza...| 2025-02|2026-06-25 10:46:...|2026-06-25 10:46:...|
|   ain-diab|            Ain Diab| 33.5786|  -7.6875|Casablanca|     Morocco|2026-06-25 10:46:...|/Users/manoharaza...| 2025-02|2026-06-25 10:46:...|2026-06-25 10:46:...|
|    aintree|             Aintree| 53.4769| -2.94056| Liverpool|          UK|2026-06-25 10:46:...|/Users/manoharaza...| 2025-02|2026-06-25 10:46:...|2026-06-25 10:46:...|
|albert_park|Albert Park Grand...|-37.8497|  144.968| Melbourne|   Australia|2026-06-25 10:46:...|/Users/manoharaza...| 2025-02|2026-06-25 10:46:...|2026-06-25 10:46:...|
|   americas|Circuit Of The Am...| 30.1328| -97.6411|    Austin|         USA|2026-06-25 10:46:...|/Users/manoharaza...| 2025-02|2026-06-25 10:46:...|2026-06-25 10:46:...|
+-----------+--------------------+--------+---------+----------+------------+--------------------+--------------------+--------+--------------------+--------------------+
only showing top 5 rows
✔ Completed: 01_transform_circuits.py

▶ Running: 02_transform_races.py
WARNING: Using incubator modules: jdk.incubator.vector
Using Spark's default log4j profile: org/apache/spark/log4j2-defaults.properties
26/06/25 10:46:32 WARN Utils: Your hostname, Manohars-MacBook-Air.local, resolves to a loopback address: 127.0.0.1; using 172.16.110.54 instead (on interface en0)
26/06/25 10:46:32 WARN Utils: Set SPARK_LOCAL_IP if you need to bind to another address
Using Spark's default log4j profile: org/apache/spark/log4j2-defaults.properties
Setting default log level to "WARN".
To adjust logging level use sc.setLogLevel(newLevel). For SparkR, use setLogLevel(newLevel).
26/06/25 10:46:33 WARN NativeCodeLoader: Unable to load native-hadoop library for your platform... using builtin-java classes where applicable
26/06/25 10:46:34 WARN SparkSession: Using an existing Spark session; only runtime SQL configurations will take effect.
[INFO] WORKSPACE = /Users/manoharazalki/F1-Analytics
[INFO] BATCH_ID  = 2025-02
[INFO] silver_helpers WORKSPACE = /Users/manoharazalki/F1-Analytics
[INFO] silver_helpers loaded successfully.
[INFO] Bronze path: /Users/manoharazalki/F1-Analytics/data/bronze/races/races.parquet
[INFO] Silver path: /Users/manoharazalki/F1-Analytics/data/silver/races/races.parquet
[INFO] ✔ Bronze races read
+------+-----+--------------------+------------------+----------+------------+--------------------+--------------------+--------+
|season|round|                 url|          raceName|      date|   circuitId|    ingest_timestamp|         source_file|batch_id|
+------+-----+--------------------+------------------+----------+------------+--------------------+--------------------+--------+
|  1950|    1|https://en.wikipe...|british grand prix|1950-05-13| silverstone|2026-06-25 10:46:...|/Users/manoharaza...| 2025-02|
|  1950|    2|https://en.wikipe...| monaco grand prix|1950-05-21|      monaco|2026-06-25 10:46:...|/Users/manoharaza...| 2025-02|
|  1950|    3|https://en.wikipe...|  indianapolis 500|1950-05-30|indianapolis|2026-06-25 10:46:...|/Users/manoharaza...| 2025-02|
|  1950|    4|https://en.wikipe...|  swiss grand prix|1950-06-04|  bremgarten|2026-06-25 10:46:...|/Users/manoharaza...| 2025-02|
|  1950|    5|https://en.wikipe...|belgian grand prix|1950-06-18|         spa|2026-06-25 10:46:...|/Users/manoharaza...| 2025-02|
+------+-----+--------------------+------------------+----------+------------+--------------------+--------------------+--------+
only showing top 5 rows
[INFO] ✔ Races Silver written: /Users/manoharazalki/F1-Analytics/data/silver/races/races.parquet
+----+-----+------------------+----------+------------+--------------------+--------------------+--------+--------------------+--------------------+
|year|round|         race_name| race_date|  circuit_id|    ingest_timestamp|         source_file|batch_id|   created_timestamp|   updated_timestamp|
+----+-----+------------------+----------+------------+--------------------+--------------------+--------+--------------------+--------------------+
|1950|    1|British Grand Prix|1950-05-13| silverstone|2026-06-25 10:46:...|/Users/manoharaza...| 2025-02|2026-06-25 10:46:...|2026-06-25 10:46:...|
|1950|    2| Monaco Grand Prix|1950-05-21|      monaco|2026-06-25 10:46:...|/Users/manoharaza...| 2025-02|2026-06-25 10:46:...|2026-06-25 10:46:...|
|1950|    3|  Indianapolis 500|1950-05-30|indianapolis|2026-06-25 10:46:...|/Users/manoharaza...| 2025-02|2026-06-25 10:46:...|2026-06-25 10:46:...|
|1950|    4|  Swiss Grand Prix|1950-06-04|  bremgarten|2026-06-25 10:46:...|/Users/manoharaza...| 2025-02|2026-06-25 10:46:...|2026-06-25 10:46:...|
|1950|    5|Belgian Grand Prix|1950-06-18|         spa|2026-06-25 10:46:...|/Users/manoharaza...| 2025-02|2026-06-25 10:46:...|2026-06-25 10:46:...|
+----+-----+------------------+----------+------------+--------------------+--------------------+--------+--------------------+--------------------+
only showing top 5 rows
✔ Completed: 02_transform_races.py

▶ Running: 03_transform_drivers.py
WARNING: Using incubator modules: jdk.incubator.vector
Using Spark's default log4j profile: org/apache/spark/log4j2-defaults.properties
26/06/25 10:46:37 WARN Utils: Your hostname, Manohars-MacBook-Air.local, resolves to a loopback address: 127.0.0.1; using 172.16.110.54 instead (on interface en0)
26/06/25 10:46:37 WARN Utils: Set SPARK_LOCAL_IP if you need to bind to another address
Using Spark's default log4j profile: org/apache/spark/log4j2-defaults.properties
Setting default log level to "WARN".
To adjust logging level use sc.setLogLevel(newLevel). For SparkR, use setLogLevel(newLevel).
26/06/25 10:46:38 WARN NativeCodeLoader: Unable to load native-hadoop library for your platform... using builtin-java classes where applicable
26/06/25 10:46:39 WARN SparkSession: Using an existing Spark session; only runtime SQL configurations will take effect.
[INFO] WORKSPACE = /Users/manoharazalki/F1-Analytics
[INFO] BATCH_ID  = 2025-02
[INFO] silver_helpers WORKSPACE = /Users/manoharazalki/F1-Analytics
[INFO] silver_helpers loaded successfully.
[INFO] Bronze path: /Users/manoharazalki/F1-Analytics/data/bronze/drivers/drivers.parquet
[INFO] Silver path: /Users/manoharazalki/F1-Analytics/data/silver/drivers/drivers.parquet
[INFO] ✔ Bronze drivers read
+---------+-------------------+-----------+-----------+----------------------------------------------+------------------------+-------------------------------------------------------------------+--------+
|driverId |name               |dateOfBirth|nationality|url                                           |ingest_timestamp        |source_file                                                        |batch_id|
+---------+-------------------+-----------+-----------+----------------------------------------------+------------------------+-------------------------------------------------------------------+--------+
|abate    |{carlo, abate}     |1932-07-10 |italian    |http://en.wikipedia.org/wiki/Carlo_Mario_Abate|2026-06-25 10:46:12.9314|/Users/manoharazalki/F1-Analytics/data/landing/2025-02/drivers.json|2025-02 |
|abecassis|{george, abecassis}|1913-03-21 |british    |http://en.wikipedia.org/wiki/George_Abecassis |2026-06-25 10:46:12.9314|/Users/manoharazalki/F1-Analytics/data/landing/2025-02/drivers.json|2025-02 |
|acheson  |{kenny, acheson}   |1957-11-27 |british    |http://en.wikipedia.org/wiki/Kenny_Acheson    |2026-06-25 10:46:12.9314|/Users/manoharazalki/F1-Analytics/data/landing/2025-02/drivers.json|2025-02 |
|adams    |{philippe, adams}  |1969-11-19 |belgian    |http://en.wikipedia.org/wiki/Philippe_Adams   |2026-06-25 10:46:12.9314|/Users/manoharazalki/F1-Analytics/data/landing/2025-02/drivers.json|2025-02 |
|ader     |{walt, ader}       |1913-12-15 |american   |http://en.wikipedia.org/wiki/Walt_Ader        |2026-06-25 10:46:12.9314|/Users/manoharazalki/F1-Analytics/data/landing/2025-02/drivers.json|2025-02 |
+---------+-------------------+-----------+-----------+----------------------------------------------+------------------------+-------------------------------------------------------------------+--------+
only showing top 5 rows
[INFO] ✔ Drivers Silver written: /Users/manoharazalki/F1-Analytics/data/silver/drivers/drivers.parquet
+---------+----------+-----------+-------------+-----------+-----------------------------------------------------+------------------------+-------------------------------------------------------------------+--------+--------------------------+--------------------------+
|driver_id|given_name|family_name|date_of_birth|nationality|url                                                  |ingest_timestamp        |source_file                                                        |batch_id|created_timestamp         |updated_timestamp         |
+---------+----------+-----------+-------------+-----------+-----------------------------------------------------+------------------------+-------------------------------------------------------------------+--------+--------------------------+--------------------------+
|Cannoc   |John      |Cannon     |1933-06-21   |Canadian   |http://en.wikipedia.org/wiki/John_Cannon_(auto_racer)|2026-06-25 10:46:12.9314|/Users/manoharazalki/F1-Analytics/data/landing/2025-02/drivers.json|2025-02 |2026-06-25 10:46:41.037805|2026-06-25 10:46:41.037805|
|Changy   |Alain     |De Changy  |1922-02-05   |Belgian    |http://en.wikipedia.org/wiki/Alain_de_Changy         |2026-06-25 10:46:12.9314|/Users/manoharazalki/F1-Analytics/data/landing/2025-02/drivers.json|2025-02 |2026-06-25 10:46:41.037805|2026-06-25 10:46:41.037805|
|abate    |Carlo     |Abate      |1932-07-10   |Italian    |http://en.wikipedia.org/wiki/Carlo_Mario_Abate       |2026-06-25 10:46:12.9314|/Users/manoharazalki/F1-Analytics/data/landing/2025-02/drivers.json|2025-02 |2026-06-25 10:46:41.037805|2026-06-25 10:46:41.037805|
|abecassis|George    |Abecassis  |1913-03-21   |British    |http://en.wikipedia.org/wiki/George_Abecassis        |2026-06-25 10:46:12.9314|/Users/manoharazalki/F1-Analytics/data/landing/2025-02/drivers.json|2025-02 |2026-06-25 10:46:41.037805|2026-06-25 10:46:41.037805|
|acheson  |Kenny     |Acheson    |1957-11-27   |British    |http://en.wikipedia.org/wiki/Kenny_Acheson           |2026-06-25 10:46:12.9314|/Users/manoharazalki/F1-Analytics/data/landing/2025-02/drivers.json|2025-02 |2026-06-25 10:46:41.037805|2026-06-25 10:46:41.037805|
+---------+----------+-----------+-------------+-----------+-----------------------------------------------------+------------------------+-------------------------------------------------------------------+--------+--------------------------+--------------------------+
only showing top 5 rows
✔ Completed: 03_transform_drivers.py

▶ Running: 04_transform_constructors.py
WARNING: Using incubator modules: jdk.incubator.vector
Using Spark's default log4j profile: org/apache/spark/log4j2-defaults.properties
26/06/25 10:46:42 WARN Utils: Your hostname, Manohars-MacBook-Air.local, resolves to a loopback address: 127.0.0.1; using 172.16.110.54 instead (on interface en0)
26/06/25 10:46:42 WARN Utils: Set SPARK_LOCAL_IP if you need to bind to another address
Using Spark's default log4j profile: org/apache/spark/log4j2-defaults.properties
Setting default log level to "WARN".
To adjust logging level use sc.setLogLevel(newLevel). For SparkR, use setLogLevel(newLevel).
26/06/25 10:46:43 WARN NativeCodeLoader: Unable to load native-hadoop library for your platform... using builtin-java classes where applicable
26/06/25 10:46:44 WARN SparkSession: Using an existing Spark session; only runtime SQL configurations will take effect.
[INFO] WORKSPACE = /Users/manoharazalki/F1-Analytics
[INFO] BATCH_ID  = 2025-02
[INFO] silver_helpers WORKSPACE = /Users/manoharazalki/F1-Analytics
[INFO] silver_helpers loaded successfully.
[INFO] Bronze path: /Users/manoharazalki/F1-Analytics/data/bronze/constructors/constructors.parquet
[INFO] Silver path: /Users/manoharazalki/F1-Analytics/data/silver/constructors/constructors.parquet
[INFO] ✔ Bronze constructors read
+-------------+----------+-----------+-----------------------------------------------------------------+--------------------------+------------------------------------------------------------------------+--------+
|constructorId|name      |nationality|url                                                              |ingest_timestamp          |source_file                                                             |batch_id|
+-------------+----------+-----------+-----------------------------------------------------------------+--------------------------+------------------------------------------------------------------------+--------+
|adams        |Adams     |american   |http://en.wikipedia.org/wiki/Adams_(constructor)                 |2026-06-25 10:46:17.050691|/Users/manoharazalki/F1-Analytics/data/landing/2025-02/constructors.json|2025-02 |
|afm          |AFM       |german     |http://en.wikipedia.org/wiki/Alex_von_Falkenhausen_Motorenbau    |2026-06-25 10:46:17.050691|/Users/manoharazalki/F1-Analytics/data/landing/2025-02/constructors.json|2025-02 |
|ags          |AGS       |french     |http://en.wikipedia.org/wiki/Automobiles_Gonfaronnaises_Sportives|2026-06-25 10:46:17.050691|/Users/manoharazalki/F1-Analytics/data/landing/2025-02/constructors.json|2025-02 |
|alfa         |Alfa Romeo|swiss      |http://en.wikipedia.org/wiki/Alfa_Romeo_in_Formula_One           |2026-06-25 10:46:17.050691|/Users/manoharazalki/F1-Analytics/data/landing/2025-02/constructors.json|2025-02 |
|alphatauri   |AlphaTauri|italian    |http://en.wikipedia.org/wiki/Scuderia_AlphaTauri                 |2026-06-25 10:46:17.050691|/Users/manoharazalki/F1-Analytics/data/landing/2025-02/constructors.json|2025-02 |
+-------------+----------+-----------+-----------------------------------------------------------------+--------------------------+------------------------------------------------------------------------+--------+
only showing top 5 rows
[INFO] ✔ Constructors Silver written: /Users/manoharazalki/F1-Analytics/data/silver/constructors/constructors.parquet
+--------------+----------------+-----------+-----------------------------------------------------------------+--------------------------+------------------------------------------------------------------------+--------+--------------------------+--------------------------+
|constructor_id|constructor_name|nationality|url                                                              |ingest_timestamp          |source_file                                                             |batch_id|created_timestamp         |updated_timestamp         |
+--------------+----------------+-----------+-----------------------------------------------------------------+--------------------------+------------------------------------------------------------------------+--------+--------------------------+--------------------------+
|adams         |Adams           |American   |http://en.wikipedia.org/wiki/Adams_(constructor)                 |2026-06-25 10:46:17.050691|/Users/manoharazalki/F1-Analytics/data/landing/2025-02/constructors.json|2025-02 |2026-06-25 10:46:46.021486|2026-06-25 10:46:46.021486|
|afm           |Afm             |German     |http://en.wikipedia.org/wiki/Alex_von_Falkenhausen_Motorenbau    |2026-06-25 10:46:17.050691|/Users/manoharazalki/F1-Analytics/data/landing/2025-02/constructors.json|2025-02 |2026-06-25 10:46:46.021486|2026-06-25 10:46:46.021486|
|ags           |Ags             |French     |http://en.wikipedia.org/wiki/Automobiles_Gonfaronnaises_Sportives|2026-06-25 10:46:17.050691|/Users/manoharazalki/F1-Analytics/data/landing/2025-02/constructors.json|2025-02 |2026-06-25 10:46:46.021486|2026-06-25 10:46:46.021486|
|alfa          |Alfa Romeo      |Swiss      |http://en.wikipedia.org/wiki/Alfa_Romeo_in_Formula_One           |2026-06-25 10:46:17.050691|/Users/manoharazalki/F1-Analytics/data/landing/2025-02/constructors.json|2025-02 |2026-06-25 10:46:46.021486|2026-06-25 10:46:46.021486|
|alphatauri    |Alphatauri      |Italian    |http://en.wikipedia.org/wiki/Scuderia_AlphaTauri                 |2026-06-25 10:46:17.050691|/Users/manoharazalki/F1-Analytics/data/landing/2025-02/constructors.json|2025-02 |2026-06-25 10:46:46.021486|2026-06-25 10:46:46.021486|
+--------------+----------------+-----------+-----------------------------------------------------------------+--------------------------+------------------------------------------------------------------------+--------+--------------------------+--------------------------+
only showing top 5 rows
✔ Completed: 04_transform_constructors.py

▶ Running: 05_transform_results.py
WARNING: Using incubator modules: jdk.incubator.vector
Using Spark's default log4j profile: org/apache/spark/log4j2-defaults.properties
26/06/25 10:46:47 WARN Utils: Your hostname, Manohars-MacBook-Air.local, resolves to a loopback address: 127.0.0.1; using 172.16.110.54 instead (on interface en0)
26/06/25 10:46:47 WARN Utils: Set SPARK_LOCAL_IP if you need to bind to another address
Using Spark's default log4j profile: org/apache/spark/log4j2-defaults.properties
Setting default log level to "WARN".
To adjust logging level use sc.setLogLevel(newLevel). For SparkR, use setLogLevel(newLevel).
26/06/25 10:46:48 WARN NativeCodeLoader: Unable to load native-hadoop library for your platform... using builtin-java classes where applicable
26/06/25 10:46:49 WARN SparkSession: Using an existing Spark session; only runtime SQL configurations will take effect.
26/06/25 10:46:51 WARN SparkStringUtils: Truncated the string representation of a plan since it was too large. This behavior can be adjusted by setting 'spark.sql.debug.maxToStringFields'.
[INFO] WORKSPACE = /Users/manoharazalki/F1-Analytics
[INFO] BATCH_ID  = 2025-02
[INFO] silver_helpers WORKSPACE = /Users/manoharazalki/F1-Analytics
[INFO] silver_helpers loaded successfully.
[INFO] Bronze path: /Users/manoharazalki/F1-Analytics/data/bronze/results/results.parquet
[INFO] Silver path: /Users/manoharazalki/F1-Analytics/data/silver/results/results.parquet
[INFO] ✔ Bronze results read
+-------------+----------+--------+----+----+------+------+--------+------------+------------------+-----+------+--------+-----------------------------------------------------+--------------------------+--------------------------------------------------------------------------------+--------+
|constructorId|date      |driverId|grid|laps|number|points|position|positionText|raceName          |round|season|status  |url                                                  |ingest_timestamp          |source_file                                                                     |batch_id|
+-------------+----------+--------+----+----+------+------+--------+------------+------------------+-----+------+--------+-----------------------------------------------------+--------------------------+--------------------------------------------------------------------------------+--------+
|mclaren      |2025-03-23|piastri |1   |56  |81    |25.0  |1       |1           |chinese grand prix|2    |2025  |Finished|https://en.wikipedia.org/wiki/2025_Chinese_Grand_Prix|2026-06-25 10:46:21.464912|/Users/manoharazalki/F1-Analytics/data/landing/2025-02/results/results_2025.json|2025-02 |
+-------------+----------+--------+----+----+------+------+--------+------------+------------------+-----+------+--------+-----------------------------------------------------+--------------------------+--------------------------------------------------------------------------------+--------+

[INFO] ✔ Results Silver written: /Users/manoharazalki/F1-Analytics/data/silver/results/results.parquet
+------+-----+--------------+---------+------------------+----------+-------------+--------------+----------+------+--------------+-------------------+--------+--------------------------+--------------------------------------------------------------------------------+--------+-------------------------+-------------------------+
|season|round|constructor_id|driver_id|race_name         |race_date |grid_position|completed_laps|car_number|points|final_position|final_position_text|status  |ingest_timestamp          |source_file                                                                     |batch_id|created_timestamp        |updated_timestamp        |
+------+-----+--------------+---------+------------------+----------+-------------+--------------+----------+------+--------------+-------------------+--------+--------------------------+--------------------------------------------------------------------------------+--------+-------------------------+-------------------------+
|2025  |2    |mclaren       |piastri  |Chinese Grand Prix|2025-03-23|1            |56            |81        |25.0  |1             |1                  |Finished|2026-06-25 10:46:21.464912|/Users/manoharazalki/F1-Analytics/data/landing/2025-02/results/results_2025.json|2025-02 |2026-06-25 10:46:51.03603|2026-06-25 10:46:51.03603|
+------+-----+--------------+---------+------------------+----------+-------------+--------------+----------+------+--------------+-------------------+--------+--------------------------+--------------------------------------------------------------------------------+--------+-------------------------+-------------------------+

✔ Completed: 05_transform_results.py

▶ Running: 06_transform_sprints.py
WARNING: Using incubator modules: jdk.incubator.vector
Using Spark's default log4j profile: org/apache/spark/log4j2-defaults.properties
26/06/25 10:46:53 WARN Utils: Your hostname, Manohars-MacBook-Air.local, resolves to a loopback address: 127.0.0.1; using 172.16.110.54 instead (on interface en0)
26/06/25 10:46:53 WARN Utils: Set SPARK_LOCAL_IP if you need to bind to another address
Using Spark's default log4j profile: org/apache/spark/log4j2-defaults.properties
Setting default log level to "WARN".
To adjust logging level use sc.setLogLevel(newLevel). For SparkR, use setLogLevel(newLevel).
26/06/25 10:46:53 WARN NativeCodeLoader: Unable to load native-hadoop library for your platform... using builtin-java classes where applicable
26/06/25 10:46:54 WARN SparkSession: Using an existing Spark session; only runtime SQL configurations will take effect.
26/06/25 10:46:56 WARN SparkStringUtils: Truncated the string representation of a plan since it was too large. This behavior can be adjusted by setting 'spark.sql.debug.maxToStringFields'.
[INFO] WORKSPACE = /Users/manoharazalki/F1-Analytics
[INFO] BATCH_ID  = 2025-02
[INFO] silver_helpers WORKSPACE = /Users/manoharazalki/F1-Analytics
[INFO] silver_helpers loaded successfully.
[INFO] Bronze path: /Users/manoharazalki/F1-Analytics/data/bronze/sprints/sprints.parquet
[INFO] Silver path: /Users/manoharazalki/F1-Analytics/data/silver/sprints/sprints.parquet
[INFO] ✔ Bronze sprints read
+----------+------------------+-----+------+-----------------------------------------------------+-------------+--------------+----+----+------+------+--------+------------+--------+--------------------------+--------------------------------------------------------------------------------+--------+
|date      |raceName          |round|season|url                                                  |constructorId|driverId      |grid|laps|number|points|position|positionText|status  |ingest_timestamp          |source_file                                                                     |batch_id|
+----------+------------------+-----+------+-----------------------------------------------------+-------------+--------------+----+----+------+------+--------+------------+--------+--------------------------+--------------------------------------------------------------------------------+--------+
|2025-03-23|chinese grand prix|2    |2025  |https://en.wikipedia.org/wiki/2025_Chinese_Grand_Prix|ferrari      |hamilton      |1   |19  |44    |8.0   |1       |1           |Finished|2026-06-25 10:46:25.304128|/Users/manoharazalki/F1-Analytics/data/landing/2025-02/sprints/sprints_2025.json|2025-02 |
|2025-03-23|chinese grand prix|2    |2025  |https://en.wikipedia.org/wiki/2025_Chinese_Grand_Prix|mclaren      |piastri       |3   |19  |81    |7.0   |2       |2           |Finished|2026-06-25 10:46:25.304128|/Users/manoharazalki/F1-Analytics/data/landing/2025-02/sprints/sprints_2025.json|2025-02 |
|2025-03-23|chinese grand prix|2    |2025  |https://en.wikipedia.org/wiki/2025_Chinese_Grand_Prix|red_bull     |max_verstappen|2   |19  |1     |6.0   |3       |3           |Finished|2026-06-25 10:46:25.304128|/Users/manoharazalki/F1-Analytics/data/landing/2025-02/sprints/sprints_2025.json|2025-02 |
|2025-03-23|chinese grand prix|2    |2025  |https://en.wikipedia.org/wiki/2025_Chinese_Grand_Prix|mercedes     |russell       |5   |19  |63    |5.0   |4       |4           |Finished|2026-06-25 10:46:25.304128|/Users/manoharazalki/F1-Analytics/data/landing/2025-02/sprints/sprints_2025.json|2025-02 |
|2025-03-23|chinese grand prix|2    |2025  |https://en.wikipedia.org/wiki/2025_Chinese_Grand_Prix|ferrari      |leclerc       |4   |19  |16    |4.0   |5       |5           |Finished|2026-06-25 10:46:25.304128|/Users/manoharazalki/F1-Analytics/data/landing/2025-02/sprints/sprints_2025.json|2025-02 |
+----------+------------------+-----+------+-----------------------------------------------------+-------------+--------------+----+----+------+------+--------+------------+--------+--------------------------+--------------------------------------------------------------------------------+--------+
only showing top 5 rows
[INFO] ✔ Sprints Silver written: /Users/manoharazalki/F1-Analytics/data/silver/sprints/sprints.parquet
+------+-----+--------------+---------+------------------+----------+-------------+--------------+----------+------+--------------+-------------------+--------+--------------------------+--------------------------------------------------------------------------------+--------+--------------------------+--------------------------+
|season|round|constructor_id|driver_id|race_name         |race_date |grid_position|completed_laps|car_number|points|final_position|final_position_text|status  |ingest_timestamp          |source_file                                                                     |batch_id|created_timestamp         |updated_timestamp         |
+------+-----+--------------+---------+------------------+----------+-------------+--------------+----------+------+--------------+-------------------+--------+--------------------------+--------------------------------------------------------------------------------+--------+--------------------------+--------------------------+
|2025  |2    |alpine        |doohan   |Chinese Grand Prix|2025-03-23|16           |19            |7         |0.0   |20            |20                 |Finished|2026-06-25 10:46:25.304128|/Users/manoharazalki/F1-Analytics/data/landing/2025-02/sprints/sprints_2025.json|2025-02 |2026-06-25 10:46:56.147832|2026-06-25 10:46:56.147832|
|2025  |2    |alpine        |gasly    |Chinese Grand Prix|2025-03-23|17           |19            |10        |0.0   |12            |12                 |Finished|2026-06-25 10:46:25.304128|/Users/manoharazalki/F1-Analytics/data/landing/2025-02/sprints/sprints_2025.json|2025-02 |2026-06-25 10:46:56.147832|2026-06-25 10:46:56.147832|
|2025  |2    |aston_martin  |alonso   |Chinese Grand Prix|2025-03-23|11           |19            |14        |0.0   |10            |10                 |Finished|2026-06-25 10:46:25.304128|/Users/manoharazalki/F1-Analytics/data/landing/2025-02/sprints/sprints_2025.json|2025-02 |2026-06-25 10:46:56.147832|2026-06-25 10:46:56.147832|
|2025  |2    |aston_martin  |stroll   |Chinese Grand Prix|2025-03-23|10           |19            |18        |0.0   |9             |9                  |Finished|2026-06-25 10:46:25.304128|/Users/manoharazalki/F1-Analytics/data/landing/2025-02/sprints/sprints_2025.json|2025-02 |2026-06-25 10:46:56.147832|2026-06-25 10:46:56.147832|
|2025  |2    |ferrari       |hamilton |Chinese Grand Prix|2025-03-23|1            |19            |44        |8.0   |1             |1                  |Finished|2026-06-25 10:46:25.304128|/Users/manoharazalki/F1-Analytics/data/landing/2025-02/sprints/sprints_2025.json|2025-02 |2026-06-25 10:46:56.147832|2026-06-25 10:46:56.147832|
+------+-----+--------------+---------+------------------+----------+-------------+--------------+----------+------+--------------+-------------------+--------+--------------------------+--------------------------------------------------------------------------------+--------+--------------------------+--------------------------+
only showing top 5 rows
✔ Completed: 06_transform_sprints.py

✔ Silver layer completed

------------------------------------
🥇 Running GOLD Layer
------------------------------------
▶ Running: 01_build_dim_races.py
WARNING: Using incubator modules: jdk.incubator.vector
Using Spark's default log4j profile: org/apache/spark/log4j2-defaults.properties
26/06/25 10:46:58 WARN Utils: Your hostname, Manohars-MacBook-Air.local, resolves to a loopback address: 127.0.0.1; using 172.16.110.54 instead (on interface en0)
26/06/25 10:46:58 WARN Utils: Set SPARK_LOCAL_IP if you need to bind to another address
Using Spark's default log4j profile: org/apache/spark/log4j2-defaults.properties
Setting default log level to "WARN".
To adjust logging level use sc.setLogLevel(newLevel). For SparkR, use setLogLevel(newLevel).
26/06/25 10:46:58 WARN NativeCodeLoader: Unable to load native-hadoop library for your platform... using builtin-java classes where applicable
26/06/25 10:46:59 WARN SparkSession: Using an existing Spark session; only runtime SQL configurations will take effect.
[INFO] WORKSPACE = /Users/manoharazalki/F1-Analytics
[INFO] BATCH_ID  = 2025-02
[INFO] gold_helpers WORKSPACE = /Users/manoharazalki/F1-Analytics
[INFO] gold_helpers BATCH_ID  = 2025-02
[INFO] Silver races:    /Users/manoharazalki/F1-Analytics/data/silver/races/races.parquet
[INFO] Silver circuits: /Users/manoharazalki/F1-Analytics/data/silver/circuits/circuits.parquet
[INFO] Gold output:     /Users/manoharazalki/F1-Analytics/data/gold/dim_races/dim_races.parquet
[INFO] ✔ Silver races read
[INFO] ✔ Silver circuits read
[INFO] Existing Gold table found → merging: /Users/manoharazalki/F1-Analytics/data/gold/dim_races/dim_races.parquet
[INFO] Gold table written: /Users/manoharazalki/F1-Analytics/data/gold/dim_races/dim_races.parquet
[INFO] ✔ dim_races written to: /Users/manoharazalki/F1-Analytics/data/gold/dim_races/dim_races.parquet
+------+-----+------------------+----------+------------+----------------------------+------------+-----------+--------+--------------------------+--------------------------+
|season|round|race_name         |race_date |circuit_id  |circuit_name                |locality    |country    |batch_id|created_timestamp         |updated_timestamp         |
+------+-----+------------------+----------+------------+----------------------------+------------+-----------+--------+--------------------------+--------------------------+
|1950  |1    |British Grand Prix|1950-05-13|silverstone |Silverstone Circuit         |Silverstone |UK         |2025-02 |2026-06-16 16:26:00.301661|2026-06-16 16:26:00.301661|
|1950  |2    |Monaco Grand Prix |1950-05-21|monaco      |Circuit De Monaco           |Monte Carlo |Monaco     |2025-02 |2026-06-16 16:26:00.301661|2026-06-16 16:26:00.301661|
|1950  |3    |Indianapolis 500  |1950-05-30|indianapolis|Indianapolis Motor Speedway |Indianapolis|USA        |2025-02 |2026-06-16 16:26:00.301661|2026-06-16 16:26:00.301661|
|1950  |4    |Swiss Grand Prix  |1950-06-04|bremgarten  |Circuit Bremgarten          |Bern        |Switzerland|2025-02 |2026-06-16 16:26:00.301661|2026-06-16 16:26:00.301661|
|1950  |5    |Belgian Grand Prix|1950-06-18|spa         |Circuit De Spa-francorchamps|Spa         |Belgium    |2025-02 |2026-06-16 16:26:00.301661|2026-06-16 16:26:00.301661|
+------+-----+------------------+----------+------------+----------------------------+------------+-----------+--------+--------------------------+--------------------------+
only showing top 5 rows
✔ Completed: 01_build_dim_races.py

▶ Running: 02_build_dim_drivers.py
WARNING: Using incubator modules: jdk.incubator.vector
Using Spark's default log4j profile: org/apache/spark/log4j2-defaults.properties
26/06/25 10:47:03 WARN Utils: Your hostname, Manohars-MacBook-Air.local, resolves to a loopback address: 127.0.0.1; using 172.16.110.54 instead (on interface en0)
26/06/25 10:47:03 WARN Utils: Set SPARK_LOCAL_IP if you need to bind to another address
Using Spark's default log4j profile: org/apache/spark/log4j2-defaults.properties
Setting default log level to "WARN".
To adjust logging level use sc.setLogLevel(newLevel). For SparkR, use setLogLevel(newLevel).
26/06/25 10:47:03 WARN NativeCodeLoader: Unable to load native-hadoop library for your platform... using builtin-java classes where applicable
26/06/25 10:47:04 WARN SparkSession: Using an existing Spark session; only runtime SQL configurations will take effect.
[INFO] WORKSPACE = /Users/manoharazalki/F1-Analytics
[INFO] BATCH_ID  = 2025-02
[INFO] gold_helpers WORKSPACE = /Users/manoharazalki/F1-Analytics
[INFO] gold_helpers BATCH_ID  = 2025-02
[INFO] Silver drivers: /Users/manoharazalki/F1-Analytics/data/silver/drivers/drivers.parquet
[INFO] Gold output:    /Users/manoharazalki/F1-Analytics/data/gold/dim_drivers/dim_drivers.parquet
[INFO] ✔ Silver drivers read
[INFO] Existing Gold table found → merging: /Users/manoharazalki/F1-Analytics/data/gold/dim_drivers/dim_drivers.parquet
[INFO] Gold table written: /Users/manoharazalki/F1-Analytics/data/gold/dim_drivers/dim_drivers.parquet
[INFO] ✔ dim_drivers written to: /Users/manoharazalki/F1-Analytics/data/gold/dim_drivers/dim_drivers.parquet
+---------+----------+-----------+-----------+-----------------------------------------------------+--------+--------------------------+--------------------------+
|driver_id|given_name|family_name|nationality|url                                                  |batch_id|created_timestamp         |updated_timestamp         |
+---------+----------+-----------+-----------+-----------------------------------------------------+--------+--------------------------+--------------------------+
|Cannoc   |John      |Cannon     |Canadian   |http://en.wikipedia.org/wiki/John_Cannon_(auto_racer)|2025-02 |2026-06-16 16:26:06.084437|2026-06-16 16:26:06.084437|
|Changy   |Alain     |De Changy  |Belgian    |http://en.wikipedia.org/wiki/Alain_de_Changy         |2025-02 |2026-06-16 16:26:06.084437|2026-06-16 16:26:06.084437|
|abate    |Carlo     |Abate      |Italian    |http://en.wikipedia.org/wiki/Carlo_Mario_Abate       |2025-02 |2026-06-16 16:26:06.084437|2026-06-16 16:26:06.084437|
|abecassis|George    |Abecassis  |British    |http://en.wikipedia.org/wiki/George_Abecassis        |2025-02 |2026-06-16 16:26:06.084437|2026-06-16 16:26:06.084437|
|acheson  |Kenny     |Acheson    |British    |http://en.wikipedia.org/wiki/Kenny_Acheson           |2025-02 |2026-06-16 16:26:06.084437|2026-06-16 16:26:06.084437|
+---------+----------+-----------+-----------+-----------------------------------------------------+--------+--------------------------+--------------------------+
only showing top 5 rows
✔ Completed: 02_build_dim_drivers.py

▶ Running: 03_build_dim_constructors.py
WARNING: Using incubator modules: jdk.incubator.vector
Using Spark's default log4j profile: org/apache/spark/log4j2-defaults.properties
26/06/25 10:47:07 WARN Utils: Your hostname, Manohars-MacBook-Air.local, resolves to a loopback address: 127.0.0.1; using 172.16.110.54 instead (on interface en0)
26/06/25 10:47:07 WARN Utils: Set SPARK_LOCAL_IP if you need to bind to another address
Using Spark's default log4j profile: org/apache/spark/log4j2-defaults.properties
Setting default log level to "WARN".
To adjust logging level use sc.setLogLevel(newLevel). For SparkR, use setLogLevel(newLevel).
26/06/25 10:47:08 WARN NativeCodeLoader: Unable to load native-hadoop library for your platform... using builtin-java classes where applicable
26/06/25 10:47:09 WARN SparkSession: Using an existing Spark session; only runtime SQL configurations will take effect.
[INFO] WORKSPACE = /Users/manoharazalki/F1-Analytics
[INFO] BATCH_ID  = 2025-02
[INFO] gold_helpers WORKSPACE = /Users/manoharazalki/F1-Analytics
[INFO] gold_helpers BATCH_ID  = 2025-02
[INFO] Silver constructors: /Users/manoharazalki/F1-Analytics/data/silver/constructors/constructors.parquet
[INFO] Gold output:         /Users/manoharazalki/F1-Analytics/data/gold/dim_constructors/dim_constructors.parquet
[INFO] ✔ Silver constructors read
[INFO] Existing Gold table found → merging: /Users/manoharazalki/F1-Analytics/data/gold/dim_constructors/dim_constructors.parquet
[INFO] Gold table written: /Users/manoharazalki/F1-Analytics/data/gold/dim_constructors/dim_constructors.parquet
[INFO] ✔ dim_constructors written to: /Users/manoharazalki/F1-Analytics/data/gold/dim_constructors/dim_constructors.parquet
+--------------+----------------+-----------+-----------------------------------------------------------------+--------+--------------------------+--------------------------+
|constructor_id|constructor_name|nationality|url                                                              |batch_id|created_timestamp         |updated_timestamp         |
+--------------+----------------+-----------+-----------------------------------------------------------------+--------+--------------------------+--------------------------+
|adams         |Adams           |American   |http://en.wikipedia.org/wiki/Adams_(constructor)                 |2025-02 |2026-06-16 16:26:11.450837|2026-06-16 16:26:11.450837|
|afm           |Afm             |German     |http://en.wikipedia.org/wiki/Alex_von_Falkenhausen_Motorenbau    |2025-02 |2026-06-16 16:26:11.450837|2026-06-16 16:26:11.450837|
|ags           |Ags             |French     |http://en.wikipedia.org/wiki/Automobiles_Gonfaronnaises_Sportives|2025-02 |2026-06-16 16:26:11.450837|2026-06-16 16:26:11.450837|
|alfa          |Alfa Romeo      |Swiss      |http://en.wikipedia.org/wiki/Alfa_Romeo_in_Formula_One           |2025-02 |2026-06-16 16:26:11.450837|2026-06-16 16:26:11.450837|
|alphatauri    |Alphatauri      |Italian    |http://en.wikipedia.org/wiki/Scuderia_AlphaTauri                 |2025-02 |2026-06-16 16:26:11.450837|2026-06-16 16:26:11.450837|
+--------------+----------------+-----------+-----------------------------------------------------------------+--------+--------------------------+--------------------------+
only showing top 5 rows
✔ Completed: 03_build_dim_constructors.py

▶ Running: 04_build_fact_session_results.py
python3: can't open file '/Users/manoharazalki/F1-Analytics/notebooks/04-gold/04_build_fact_session_results.py': [Errno 2] No such file or directory
✔ Completed: 04_build_fact_session_results.py

▶ Running: 91_build_ref_nationality_region.py
WARNING: Using incubator modules: jdk.incubator.vector
Using Spark's default log4j profile: org/apache/spark/log4j2-defaults.properties
26/06/25 10:47:12 WARN Utils: Your hostname, Manohars-MacBook-Air.local, resolves to a loopback address: 127.0.0.1; using 172.16.110.54 instead (on interface en0)
26/06/25 10:47:12 WARN Utils: Set SPARK_LOCAL_IP if you need to bind to another address
Using Spark's default log4j profile: org/apache/spark/log4j2-defaults.properties
Setting default log level to "WARN".
To adjust logging level use sc.setLogLevel(newLevel). For SparkR, use setLogLevel(newLevel).
26/06/25 10:47:13 WARN NativeCodeLoader: Unable to load native-hadoop library for your platform... using builtin-java classes where applicable
26/06/25 10:47:14 WARN SparkSession: Using an existing Spark session; only runtime SQL configurations will take effect.
[INFO] WORKSPACE = /Users/manoharazalki/F1-Analytics
[INFO] BATCH_ID  = 2025-02
[INFO] gold_helpers WORKSPACE = /Users/manoharazalki/F1-Analytics
[INFO] gold_helpers BATCH_ID  = 2025-02
[INFO] Gold output: /Users/manoharazalki/F1-Analytics/data/gold/ref_nationality_region/ref_nationality_region.parquet
[INFO] Existing Gold table found → merging: /Users/manoharazalki/F1-Analytics/data/gold/ref_nationality_region/ref_nationality_region.parquet
[INFO] Gold table written: /Users/manoharazalki/F1-Analytics/data/gold/ref_nationality_region/ref_nationality_region.parquet
[INFO] ✔ ref_nationality_region written to: /Users/manoharazalki/F1-Analytics/data/gold/ref_nationality_region/ref_nationality_region.parquet
+-------------+-------------+--------+-------------------------+-------------------------+
|nationality  |region       |batch_id|created_timestamp        |updated_timestamp        |
+-------------+-------------+--------+-------------------------+-------------------------+
|American     |North America|2025-02 |2026-06-16 16:26:16.11661|2026-06-16 16:26:16.11661|
|Argentine    |South America|2025-02 |2026-06-16 16:26:16.11661|2026-06-16 16:26:16.11661|
|Australian   |Oceania      |2025-02 |2026-06-16 16:26:16.11661|2026-06-16 16:26:16.11661|
|Austrian     |Europe       |2025-02 |2026-06-16 16:26:16.11661|2026-06-16 16:26:16.11661|
|Belgian      |Europe       |2025-02 |2026-06-16 16:26:16.11661|2026-06-16 16:26:16.11661|
|Brazilian    |South America|2025-02 |2026-06-16 16:26:16.11661|2026-06-16 16:26:16.11661|
|British      |Europe       |2025-02 |2026-06-16 16:26:16.11661|2026-06-16 16:26:16.11661|
|Canadian     |North America|2025-02 |2026-06-16 16:26:16.11661|2026-06-16 16:26:16.11661|
|Chinese      |Asia         |2025-02 |2026-06-16 16:26:16.11661|2026-06-16 16:26:16.11661|
|Danish       |Europe       |2025-02 |2026-06-16 16:26:16.11661|2026-06-16 16:26:16.11661|
|Dutch        |Europe       |2025-02 |2026-06-16 16:26:16.11661|2026-06-16 16:26:16.11661|
|Finnish      |Europe       |2025-02 |2026-06-16 16:26:16.11661|2026-06-16 16:26:16.11661|
|French       |Europe       |2025-02 |2026-06-16 16:26:16.11661|2026-06-16 16:26:16.11661|
|German       |Europe       |2025-02 |2026-06-16 16:26:16.11661|2026-06-16 16:26:16.11661|
|Indian       |Asia         |2025-02 |2026-06-16 16:26:16.11661|2026-06-16 16:26:16.11661|
|Italian      |Europe       |2025-02 |2026-06-16 16:26:16.11661|2026-06-16 16:26:16.11661|
|Japanese     |Asia         |2025-02 |2026-06-16 16:26:16.11661|2026-06-16 16:26:16.11661|
|Mexican      |North America|2025-02 |2026-06-16 16:26:16.11661|2026-06-16 16:26:16.11661|
|New Zealander|Oceania      |2025-02 |2026-06-16 16:26:16.11661|2026-06-16 16:26:16.11661|
|South African|Africa       |2025-02 |2026-06-16 16:26:16.11661|2026-06-16 16:26:16.11661|
+-------------+-------------+--------+-------------------------+-------------------------+
only showing top 20 rows
✔ Completed: 91_build_ref_nationality_region.py

✔ Gold layer completed

====================================
🎉 Pipeline Completed Successfully
Batch: 2025-02
Step logs:   /Users/manoharazalki/F1-Analytics/scripts/logs/pipeline/2025-02
Master log:  /Users/manoharazalki/F1-Analytics/scripts/logs/pipeline_2025-02_20260625_104602.log
====================================

🏁 Step 5 — Completing batch...
====================================
✔ Batch marked as COMPLETED
Batch ID: 2025-02
Control table updated at: /Users/manoharazalki/F1-Analytics/data/control/batch_events.parquet
====================================

====================================
🎉 Orchestration Completed Successfully
Batch: 2025-02
Log saved at: /Users/manoharazalki/F1-Analytics/scripts/logs/orchestration_20260625_104557.log
====================================
