WARNING: Using incubator modules: jdk.incubator.vector
Using Spark's default log4j profile: org/apache/spark/log4j2-defaults.properties
26/06/18 16:10:11 WARN Utils: Your hostname, Manohars-MacBook-Air.local, resolves to a loopback address: 127.0.0.1; using 172.16.110.54 instead (on interface en0)
26/06/18 16:10:11 WARN Utils: Set SPARK_LOCAL_IP if you need to bind to another address
Using Spark's default log4j profile: org/apache/spark/log4j2-defaults.properties
Setting default log level to "WARN".
To adjust logging level use sc.setLogLevel(newLevel). For SparkR, use setLogLevel(newLevel).
26/06/18 16:10:12 WARN NativeCodeLoader: Unable to load native-hadoop library for your platform... using builtin-java classes where applicable
[INFO] WORKSPACE = /Users/manoharazalki/F1-Analytics
[INFO] BATCH_ID  = 2025-02
[INFO] bronze_helpers WORKSPACE = /Users/manoharazalki/F1-Analytics
[INFO] bronze_helpers loaded successfully.
[INFO] Source file: /Users/manoharazalki/F1-Analytics/data/landing/2025-02/constructors.json
[INFO] Target path: /Users/manoharazalki/F1-Analytics/data/bronze/constructors/constructors.parquet
[INFO] ✔ Constructors file read successfully
[INFO] ✔ Metadata added
[INFO] ✔ Constructors Bronze written to: /Users/manoharazalki/F1-Analytics/data/bronze/constructors/constructors.parquet
[INFO] Showing sample from Bronze output:
+-------------+----------+-----------+--------------------+--------------------+--------------------+--------+
|constructorId|      name|nationality|                 url|    ingest_timestamp|         source_file|batch_id|
+-------------+----------+-----------+--------------------+--------------------+--------------------+--------+
|        adams|     Adams|   american|http://en.wikiped...|2026-06-18 16:10:...|/Users/manoharaza...| 2025-02|
|          afm|       AFM|     german|http://en.wikiped...|2026-06-18 16:10:...|/Users/manoharaza...| 2025-02|
|          ags|       AGS|     french|http://en.wikiped...|2026-06-18 16:10:...|/Users/manoharaza...| 2025-02|
|         alfa|Alfa Romeo|      swiss|http://en.wikiped...|2026-06-18 16:10:...|/Users/manoharaza...| 2025-02|
|   alphatauri|AlphaTauri|    italian|http://en.wikiped...|2026-06-18 16:10:...|/Users/manoharaza...| 2025-02|
+-------------+----------+-----------+--------------------+--------------------+--------------------+--------+
only showing top 5 rows
