WARNING: Using incubator modules: jdk.incubator.vector
Using Spark's default log4j profile: org/apache/spark/log4j2-defaults.properties
26/06/25 10:46:23 WARN Utils: Your hostname, Manohars-MacBook-Air.local, resolves to a loopback address: 127.0.0.1; using 172.16.110.54 instead (on interface en0)
26/06/25 10:46:23 WARN Utils: Set SPARK_LOCAL_IP if you need to bind to another address
Using Spark's default log4j profile: org/apache/spark/log4j2-defaults.properties
Setting default log level to "WARN".
To adjust logging level use sc.setLogLevel(newLevel). For SparkR, use setLogLevel(newLevel).
26/06/25 10:46:23 WARN NativeCodeLoader: Unable to load native-hadoop library for your platform... using builtin-java classes where applicable
[INFO] WORKSPACE = /Users/manoharazalki/F1-Analytics
[INFO] BATCH_ID  = 2025-02
[INFO] bronze_helpers WORKSPACE = /Users/manoharazalki/F1-Analytics
[INFO] bronze_helpers loaded successfully.
[INFO] Source file: /Users/manoharazalki/F1-Analytics/data/landing/2025-02/sprints/sprints_2025.json
[INFO] Target path: /Users/manoharazalki/F1-Analytics/data/bronze/sprints/sprints.parquet
[INFO] ✔ Sprints file read successfully
[INFO] ✔ Sprints Bronze written to: /Users/manoharazalki/F1-Analytics/data/bronze/sprints/sprints.parquet
+----------+------------------+-----+------+-----------------------------------------------------+-------------+--------------+----+----+------+------+--------+------------+--------+--------------------------+--------------------------------------------------------------------------------+--------+
|date      |raceName          |round|season|url                                                  |constructorId|driverId      |grid|laps|number|points|position|positionText|status  |ingest_timestamp          |source_file                                                                     |batch_id|
+----------+------------------+-----+------+-----------------------------------------------------+-------------+--------------+----+----+------+------+--------+------------+--------+--------------------------+--------------------------------------------------------------------------------+--------+
|2025-03-23|chinese grand prix|2    |2025  |https://en.wikipedia.org/wiki/2025_Chinese_Grand_Prix|ferrari      |hamilton      |1   |19  |44    |8.0   |1       |1           |Finished|2026-06-25 10:46:25.304128|/Users/manoharazalki/F1-Analytics/data/landing/2025-02/sprints/sprints_2025.json|2025-02 |
|2025-03-23|chinese grand prix|2    |2025  |https://en.wikipedia.org/wiki/2025_Chinese_Grand_Prix|mclaren      |piastri       |3   |19  |81    |7.0   |2       |2           |Finished|2026-06-25 10:46:25.304128|/Users/manoharazalki/F1-Analytics/data/landing/2025-02/sprints/sprints_2025.json|2025-02 |
|2025-03-23|chinese grand prix|2    |2025  |https://en.wikipedia.org/wiki/2025_Chinese_Grand_Prix|red_bull     |max_verstappen|2   |19  |1     |6.0   |3       |3           |Finished|2026-06-25 10:46:25.304128|/Users/manoharazalki/F1-Analytics/data/landing/2025-02/sprints/sprints_2025.json|2025-02 |
|2025-03-23|chinese grand prix|2    |2025  |https://en.wikipedia.org/wiki/2025_Chinese_Grand_Prix|mercedes     |russell       |5   |19  |63    |5.0   |4       |4           |Finished|2026-06-25 10:46:25.304128|/Users/manoharazalki/F1-Analytics/data/landing/2025-02/sprints/sprints_2025.json|2025-02 |
|2025-03-23|chinese grand prix|2    |2025  |https://en.wikipedia.org/wiki/2025_Chinese_Grand_Prix|ferrari      |leclerc       |4   |19  |16    |4.0   |5       |5           |Finished|2026-06-25 10:46:25.304128|/Users/manoharazalki/F1-Analytics/data/landing/2025-02/sprints/sprints_2025.json|2025-02 |
+----------+------------------+-----+------+-----------------------------------------------------+-------------+--------------+----+----+------+------+--------+------------+--------+--------------------------+--------------------------------------------------------------------------------+--------+
only showing top 5 rows
