WARNING: Using incubator modules: jdk.incubator.vector
Using Spark's default log4j profile: org/apache/spark/log4j2-defaults.properties
26/06/25 10:46:02 WARN Utils: Your hostname, Manohars-MacBook-Air.local, resolves to a loopback address: 127.0.0.1; using 172.16.110.54 instead (on interface en0)
26/06/25 10:46:02 WARN Utils: Set SPARK_LOCAL_IP if you need to bind to another address
Using Spark's default log4j profile: org/apache/spark/log4j2-defaults.properties
Setting default log level to "WARN".
To adjust logging level use sc.setLogLevel(newLevel). For SparkR, use setLogLevel(newLevel).
26/06/25 10:46:02 WARN NativeCodeLoader: Unable to load native-hadoop library for your platform... using builtin-java classes where applicable
[INFO] WORKSPACE = /Users/manoharazalki/F1-Analytics
[INFO] BATCH_ID  = 2025-02
[INFO] bronze_helpers WORKSPACE = /Users/manoharazalki/F1-Analytics
[INFO] bronze_helpers loaded successfully.
[INFO] Source file: /Users/manoharazalki/F1-Analytics/data/landing/2025-02/circuits.csv
[INFO] Target path: /Users/manoharazalki/F1-Analytics/data/bronze/circuits/circuits.parquet
[INFO] ✔ Circuits file read successfully
[INFO] ✔ Metadata added
[INFO] ✔ Circuits Bronze written to: /Users/manoharazalki/F1-Analytics/data/bronze/circuits/circuits.parquet
[INFO] Showing sample from Bronze output:
+---------+--------------------+--------------------+--------+--------+----------+---------+--------------------+--------------------+--------+
|circuitId|                 url|         circuitName|     lat|    long|  locality|  country|    ingest_timestamp|         source_file|batch_id|
+---------+--------------------+--------------------+--------+--------+----------+---------+--------------------+--------------------+--------+
|     NULL|https://en.wikipe...|circuit gilles vi...|    45.5|-73.5228|  montreal|   Canada|2026-06-25 10:46:...|/Users/manoharaza...| 2025-02|
|     NULL|https://en.wikipe...|losail internatio...|   25.49| 51.4542|    lusail|    Qatar|2026-06-25 10:46:...|/Users/manoharaza...| 2025-02|
| adelaide|https://en.wikipe...|adelaide street c...|-34.9272| 138.617|  adelaide|Australia|2026-06-25 10:46:...|/Users/manoharaza...| 2025-02|
| ain-diab|https://en.wikipe...|            ain diab| 33.5786| -7.6875|casablanca|  Morocco|2026-06-25 10:46:...|/Users/manoharaza...| 2025-02|
|  aintree|https://en.wikipe...|             aintree| 53.4769|-2.94056| liverpool|       UK|2026-06-25 10:46:...|/Users/manoharaza...| 2025-02|
+---------+--------------------+--------------------+--------+--------+----------+---------+--------------------+--------------------+--------+
only showing top 5 rows
