WARNING: Using incubator modules: jdk.incubator.vector
Using Spark's default log4j profile: org/apache/spark/log4j2-defaults.properties
26/06/25 10:46:11 WARN Utils: Your hostname, Manohars-MacBook-Air.local, resolves to a loopback address: 127.0.0.1; using 172.16.110.54 instead (on interface en0)
26/06/25 10:46:11 WARN Utils: Set SPARK_LOCAL_IP if you need to bind to another address
Using Spark's default log4j profile: org/apache/spark/log4j2-defaults.properties
Setting default log level to "WARN".
To adjust logging level use sc.setLogLevel(newLevel). For SparkR, use setLogLevel(newLevel).
26/06/25 10:46:11 WARN NativeCodeLoader: Unable to load native-hadoop library for your platform... using builtin-java classes where applicable
[INFO] WORKSPACE = /Users/manoharazalki/F1-Analytics
[INFO] BATCH_ID  = 2025-02
[INFO] bronze_helpers WORKSPACE = /Users/manoharazalki/F1-Analytics
[INFO] bronze_helpers loaded successfully.
[INFO] Source file: /Users/manoharazalki/F1-Analytics/data/landing/2025-02/drivers.json
[INFO] Target path: /Users/manoharazalki/F1-Analytics/data/bronze/drivers/drivers.parquet
[INFO] ✔ Drivers file read successfully
[INFO] ✔ Metadata added
[INFO] ✔ Drivers Bronze written to: /Users/manoharazalki/F1-Analytics/data/bronze/drivers/drivers.parquet
[INFO] Showing sample from Bronze output:
+---------+-------------------+-----------+-----------+--------------------+--------------------+--------------------+--------+
| driverId|               name|dateOfBirth|nationality|                 url|    ingest_timestamp|         source_file|batch_id|
+---------+-------------------+-----------+-----------+--------------------+--------------------+--------------------+--------+
|    abate|     {carlo, abate}| 1932-07-10|    italian|http://en.wikiped...|2026-06-25 10:46:...|/Users/manoharaza...| 2025-02|
|abecassis|{george, abecassis}| 1913-03-21|    british|http://en.wikiped...|2026-06-25 10:46:...|/Users/manoharaza...| 2025-02|
|  acheson|   {kenny, acheson}| 1957-11-27|    british|http://en.wikiped...|2026-06-25 10:46:...|/Users/manoharaza...| 2025-02|
|    adams|  {philippe, adams}| 1969-11-19|    belgian|http://en.wikiped...|2026-06-25 10:46:...|/Users/manoharaza...| 2025-02|
|     ader|       {walt, ader}| 1913-12-15|   american|http://en.wikiped...|2026-06-25 10:46:...|/Users/manoharaza...| 2025-02|
+---------+-------------------+-----------+-----------+--------------------+--------------------+--------------------+--------+
only showing top 5 rows
