WARNING: Using incubator modules: jdk.incubator.vector
Using Spark's default log4j profile: org/apache/spark/log4j2-defaults.properties
26/06/18 16:10:15 WARN Utils: Your hostname, Manohars-MacBook-Air.local, resolves to a loopback address: 127.0.0.1; using 172.16.110.54 instead (on interface en0)
26/06/18 16:10:15 WARN Utils: Set SPARK_LOCAL_IP if you need to bind to another address
Using Spark's default log4j profile: org/apache/spark/log4j2-defaults.properties
Setting default log level to "WARN".
To adjust logging level use sc.setLogLevel(newLevel). For SparkR, use setLogLevel(newLevel).
26/06/18 16:10:16 WARN NativeCodeLoader: Unable to load native-hadoop library for your platform... using builtin-java classes where applicable
[INFO] WORKSPACE = /Users/manoharazalki/F1-Analytics
[INFO] BATCH_ID  = 2025-02
[INFO] bronze_helpers WORKSPACE = /Users/manoharazalki/F1-Analytics
[INFO] bronze_helpers loaded successfully.
[INFO] Source file: /Users/manoharazalki/F1-Analytics/data/landing/2025-02/results/results_2025.json
[INFO] Target path: /Users/manoharazalki/F1-Analytics/data/bronze/results/results.parquet
[INFO] ✔ Results file read successfully
[INFO] ✔ Results Bronze written to: /Users/manoharazalki/F1-Analytics/data/bronze/results/results.parquet
+-------------+----------+--------+----+----+------+------+--------+------------+------------------+-----+------+--------+-----------------------------------------------------+--------------------------+--------------------------------------------------------------------------------+--------+
|constructorId|date      |driverId|grid|laps|number|points|position|positionText|raceName          |round|season|status  |url                                                  |ingest_timestamp          |source_file                                                                     |batch_id|
+-------------+----------+--------+----+----+------+------+--------+------------+------------------+-----+------+--------+-----------------------------------------------------+--------------------------+--------------------------------------------------------------------------------+--------+
|mclaren      |2025-03-23|piastri |1   |56  |81    |25.0  |1       |1           |chinese grand prix|2    |2025  |Finished|https://en.wikipedia.org/wiki/2025_Chinese_Grand_Prix|2026-06-18 16:10:18.023325|/Users/manoharazalki/F1-Analytics/data/landing/2025-02/results/results_2025.json|2025-02 |
+-------------+----------+--------+----+----+------+------+--------+------------+------------------+-----+------+--------+-----------------------------------------------------+--------------------------+--------------------------------------------------------------------------------+--------+

