WARNING: Using incubator modules: jdk.incubator.vector
Using Spark's default log4j profile: org/apache/spark/log4j2-defaults.properties
26/06/25 10:47:07 WARN Utils: Your hostname, Manohars-MacBook-Air.local, resolves to a loopback address: 127.0.0.1; using 172.16.110.54 instead (on interface en0)
26/06/25 10:47:07 WARN Utils: Set SPARK_LOCAL_IP if you need to bind to another address
Using Spark's default log4j profile: org/apache/spark/log4j2-defaults.properties
Setting default log level to "WARN".
To adjust logging level use sc.setLogLevel(newLevel). For SparkR, use setLogLevel(newLevel).
26/06/25 10:47:08 WARN NativeCodeLoader: Unable to load native-hadoop library for your platform... using builtin-java classes where applicable
26/06/25 10:47:09 WARN SparkSession: Using an existing Spark session; only runtime SQL configurations will take effect.
[INFO] WORKSPACE = /Users/manoharazalki/F1-Analytics
[INFO] BATCH_ID  = 2025-02
[INFO] gold_helpers WORKSPACE = /Users/manoharazalki/F1-Analytics
[INFO] gold_helpers BATCH_ID  = 2025-02
[INFO] Silver constructors: /Users/manoharazalki/F1-Analytics/data/silver/constructors/constructors.parquet
[INFO] Gold output:         /Users/manoharazalki/F1-Analytics/data/gold/dim_constructors/dim_constructors.parquet
[INFO] ✔ Silver constructors read
[INFO] Existing Gold table found → merging: /Users/manoharazalki/F1-Analytics/data/gold/dim_constructors/dim_constructors.parquet
[INFO] Gold table written: /Users/manoharazalki/F1-Analytics/data/gold/dim_constructors/dim_constructors.parquet
[INFO] ✔ dim_constructors written to: /Users/manoharazalki/F1-Analytics/data/gold/dim_constructors/dim_constructors.parquet
+--------------+----------------+-----------+-----------------------------------------------------------------+--------+--------------------------+--------------------------+
|constructor_id|constructor_name|nationality|url                                                              |batch_id|created_timestamp         |updated_timestamp         |
+--------------+----------------+-----------+-----------------------------------------------------------------+--------+--------------------------+--------------------------+
|adams         |Adams           |American   |http://en.wikipedia.org/wiki/Adams_(constructor)                 |2025-02 |2026-06-16 16:26:11.450837|2026-06-16 16:26:11.450837|
|afm           |Afm             |German     |http://en.wikipedia.org/wiki/Alex_von_Falkenhausen_Motorenbau    |2025-02 |2026-06-16 16:26:11.450837|2026-06-16 16:26:11.450837|
|ags           |Ags             |French     |http://en.wikipedia.org/wiki/Automobiles_Gonfaronnaises_Sportives|2025-02 |2026-06-16 16:26:11.450837|2026-06-16 16:26:11.450837|
|alfa          |Alfa Romeo      |Swiss      |http://en.wikipedia.org/wiki/Alfa_Romeo_in_Formula_One           |2025-02 |2026-06-16 16:26:11.450837|2026-06-16 16:26:11.450837|
|alphatauri    |Alphatauri      |Italian    |http://en.wikipedia.org/wiki/Scuderia_AlphaTauri                 |2025-02 |2026-06-16 16:26:11.450837|2026-06-16 16:26:11.450837|
+--------------+----------------+-----------+-----------------------------------------------------------------+--------+--------------------------+--------------------------+
only showing top 5 rows
