WARNING: Using incubator modules: jdk.incubator.vector
Using Spark's default log4j profile: org/apache/spark/log4j2-defaults.properties
26/06/18 16:11:10 WARN Utils: Your hostname, Manohars-MacBook-Air.local, resolves to a loopback address: 127.0.0.1; using 172.16.110.54 instead (on interface en0)
26/06/18 16:11:10 WARN Utils: Set SPARK_LOCAL_IP if you need to bind to another address
Using Spark's default log4j profile: org/apache/spark/log4j2-defaults.properties
Setting default log level to "WARN".
To adjust logging level use sc.setLogLevel(newLevel). For SparkR, use setLogLevel(newLevel).
26/06/18 16:11:10 WARN NativeCodeLoader: Unable to load native-hadoop library for your platform... using builtin-java classes where applicable
26/06/18 16:11:11 WARN SparkSession: Using an existing Spark session; only runtime SQL configurations will take effect.
[INFO] WORKSPACE = /Users/manoharazalki/F1-Analytics
[INFO] BATCH_ID  = 2025-02
[INFO] gold_helpers WORKSPACE = /Users/manoharazalki/F1-Analytics
[INFO] gold_helpers BATCH_ID  = 2025-02
[INFO] Gold output: /Users/manoharazalki/F1-Analytics/data/gold/ref_nationality_region/ref_nationality_region.parquet
[INFO] Existing Gold table found → merging: /Users/manoharazalki/F1-Analytics/data/gold/ref_nationality_region/ref_nationality_region.parquet
[INFO] Gold table written: /Users/manoharazalki/F1-Analytics/data/gold/ref_nationality_region/ref_nationality_region.parquet
[INFO] ✔ ref_nationality_region written to: /Users/manoharazalki/F1-Analytics/data/gold/ref_nationality_region/ref_nationality_region.parquet
+-------------+-------------+--------+-------------------------+-------------------------+
|nationality  |region       |batch_id|created_timestamp        |updated_timestamp        |
+-------------+-------------+--------+-------------------------+-------------------------+
|American     |North America|2025-02 |2026-06-16 16:26:16.11661|2026-06-16 16:26:16.11661|
|Argentine    |South America|2025-02 |2026-06-16 16:26:16.11661|2026-06-16 16:26:16.11661|
|Australian   |Oceania      |2025-02 |2026-06-16 16:26:16.11661|2026-06-16 16:26:16.11661|
|Austrian     |Europe       |2025-02 |2026-06-16 16:26:16.11661|2026-06-16 16:26:16.11661|
|Belgian      |Europe       |2025-02 |2026-06-16 16:26:16.11661|2026-06-16 16:26:16.11661|
|Brazilian    |South America|2025-02 |2026-06-16 16:26:16.11661|2026-06-16 16:26:16.11661|
|British      |Europe       |2025-02 |2026-06-16 16:26:16.11661|2026-06-16 16:26:16.11661|
|Canadian     |North America|2025-02 |2026-06-16 16:26:16.11661|2026-06-16 16:26:16.11661|
|Chinese      |Asia         |2025-02 |2026-06-16 16:26:16.11661|2026-06-16 16:26:16.11661|
|Danish       |Europe       |2025-02 |2026-06-16 16:26:16.11661|2026-06-16 16:26:16.11661|
|Dutch        |Europe       |2025-02 |2026-06-16 16:26:16.11661|2026-06-16 16:26:16.11661|
|Finnish      |Europe       |2025-02 |2026-06-16 16:26:16.11661|2026-06-16 16:26:16.11661|
|French       |Europe       |2025-02 |2026-06-16 16:26:16.11661|2026-06-16 16:26:16.11661|
|German       |Europe       |2025-02 |2026-06-16 16:26:16.11661|2026-06-16 16:26:16.11661|
|Indian       |Asia         |2025-02 |2026-06-16 16:26:16.11661|2026-06-16 16:26:16.11661|
|Italian      |Europe       |2025-02 |2026-06-16 16:26:16.11661|2026-06-16 16:26:16.11661|
|Japanese     |Asia         |2025-02 |2026-06-16 16:26:16.11661|2026-06-16 16:26:16.11661|
|Mexican      |North America|2025-02 |2026-06-16 16:26:16.11661|2026-06-16 16:26:16.11661|
|New Zealander|Oceania      |2025-02 |2026-06-16 16:26:16.11661|2026-06-16 16:26:16.11661|
|South African|Africa       |2025-02 |2026-06-16 16:26:16.11661|2026-06-16 16:26:16.11661|
+-------------+-------------+--------+-------------------------+-------------------------+
only showing top 20 rows
