WARNING: Using incubator modules: jdk.incubator.vector
Using Spark's default log4j profile: org/apache/spark/log4j2-defaults.properties
26/06/25 10:46:58 WARN Utils: Your hostname, Manohars-MacBook-Air.local, resolves to a loopback address: 127.0.0.1; using 172.16.110.54 instead (on interface en0)
26/06/25 10:46:58 WARN Utils: Set SPARK_LOCAL_IP if you need to bind to another address
Using Spark's default log4j profile: org/apache/spark/log4j2-defaults.properties
Setting default log level to "WARN".
To adjust logging level use sc.setLogLevel(newLevel). For SparkR, use setLogLevel(newLevel).
26/06/25 10:46:58 WARN NativeCodeLoader: Unable to load native-hadoop library for your platform... using builtin-java classes where applicable
26/06/25 10:46:59 WARN SparkSession: Using an existing Spark session; only runtime SQL configurations will take effect.
[INFO] WORKSPACE = /Users/manoharazalki/F1-Analytics
[INFO] BATCH_ID  = 2025-02
[INFO] gold_helpers WORKSPACE = /Users/manoharazalki/F1-Analytics
[INFO] gold_helpers BATCH_ID  = 2025-02
[INFO] Silver races:    /Users/manoharazalki/F1-Analytics/data/silver/races/races.parquet
[INFO] Silver circuits: /Users/manoharazalki/F1-Analytics/data/silver/circuits/circuits.parquet
[INFO] Gold output:     /Users/manoharazalki/F1-Analytics/data/gold/dim_races/dim_races.parquet
[INFO] ✔ Silver races read
[INFO] ✔ Silver circuits read
[INFO] Existing Gold table found → merging: /Users/manoharazalki/F1-Analytics/data/gold/dim_races/dim_races.parquet
[INFO] Gold table written: /Users/manoharazalki/F1-Analytics/data/gold/dim_races/dim_races.parquet
[INFO] ✔ dim_races written to: /Users/manoharazalki/F1-Analytics/data/gold/dim_races/dim_races.parquet
+------+-----+------------------+----------+------------+----------------------------+------------+-----------+--------+--------------------------+--------------------------+
|season|round|race_name         |race_date |circuit_id  |circuit_name                |locality    |country    |batch_id|created_timestamp         |updated_timestamp         |
+------+-----+------------------+----------+------------+----------------------------+------------+-----------+--------+--------------------------+--------------------------+
|1950  |1    |British Grand Prix|1950-05-13|silverstone |Silverstone Circuit         |Silverstone |UK         |2025-02 |2026-06-16 16:26:00.301661|2026-06-16 16:26:00.301661|
|1950  |2    |Monaco Grand Prix |1950-05-21|monaco      |Circuit De Monaco           |Monte Carlo |Monaco     |2025-02 |2026-06-16 16:26:00.301661|2026-06-16 16:26:00.301661|
|1950  |3    |Indianapolis 500  |1950-05-30|indianapolis|Indianapolis Motor Speedway |Indianapolis|USA        |2025-02 |2026-06-16 16:26:00.301661|2026-06-16 16:26:00.301661|
|1950  |4    |Swiss Grand Prix  |1950-06-04|bremgarten  |Circuit Bremgarten          |Bern        |Switzerland|2025-02 |2026-06-16 16:26:00.301661|2026-06-16 16:26:00.301661|
|1950  |5    |Belgian Grand Prix|1950-06-18|spa         |Circuit De Spa-francorchamps|Spa         |Belgium    |2025-02 |2026-06-16 16:26:00.301661|2026-06-16 16:26:00.301661|
+------+-----+------------------+----------+------------+----------------------------+------------+-----------+--------+--------------------------+--------------------------+
only showing top 5 rows
