WARNING: Using incubator modules: jdk.incubator.vector
Using Spark's default log4j profile: org/apache/spark/log4j2-defaults.properties
26/06/18 16:11:00 WARN Utils: Your hostname, Manohars-MacBook-Air.local, resolves to a loopback address: 127.0.0.1; using 172.16.110.54 instead (on interface en0)
26/06/18 16:11:00 WARN Utils: Set SPARK_LOCAL_IP if you need to bind to another address
Using Spark's default log4j profile: org/apache/spark/log4j2-defaults.properties
Setting default log level to "WARN".
To adjust logging level use sc.setLogLevel(newLevel). For SparkR, use setLogLevel(newLevel).
26/06/18 16:11:00 WARN NativeCodeLoader: Unable to load native-hadoop library for your platform... using builtin-java classes where applicable
26/06/18 16:11:02 WARN SparkSession: Using an existing Spark session; only runtime SQL configurations will take effect.
[INFO] WORKSPACE = /Users/manoharazalki/F1-Analytics
[INFO] BATCH_ID  = 2025-02
[INFO] gold_helpers WORKSPACE = /Users/manoharazalki/F1-Analytics
[INFO] gold_helpers BATCH_ID  = 2025-02
[INFO] Silver drivers: /Users/manoharazalki/F1-Analytics/data/silver/drivers/drivers.parquet
[INFO] Gold output:    /Users/manoharazalki/F1-Analytics/data/gold/dim_drivers/dim_drivers.parquet
[INFO] ✔ Silver drivers read
[INFO] Existing Gold table found → merging: /Users/manoharazalki/F1-Analytics/data/gold/dim_drivers/dim_drivers.parquet
[INFO] Gold table written: /Users/manoharazalki/F1-Analytics/data/gold/dim_drivers/dim_drivers.parquet
[INFO] ✔ dim_drivers written to: /Users/manoharazalki/F1-Analytics/data/gold/dim_drivers/dim_drivers.parquet
+---------+----------+-----------+-----------+-----------------------------------------------------+--------+--------------------------+--------------------------+
|driver_id|given_name|family_name|nationality|url                                                  |batch_id|created_timestamp         |updated_timestamp         |
+---------+----------+-----------+-----------+-----------------------------------------------------+--------+--------------------------+--------------------------+
|Cannoc   |John      |Cannon     |Canadian   |http://en.wikipedia.org/wiki/John_Cannon_(auto_racer)|2025-02 |2026-06-16 16:26:06.084437|2026-06-16 16:26:06.084437|
|Changy   |Alain     |De Changy  |Belgian    |http://en.wikipedia.org/wiki/Alain_de_Changy         |2025-02 |2026-06-16 16:26:06.084437|2026-06-16 16:26:06.084437|
|abate    |Carlo     |Abate      |Italian    |http://en.wikipedia.org/wiki/Carlo_Mario_Abate       |2025-02 |2026-06-16 16:26:06.084437|2026-06-16 16:26:06.084437|
|abecassis|George    |Abecassis  |British    |http://en.wikipedia.org/wiki/George_Abecassis        |2025-02 |2026-06-16 16:26:06.084437|2026-06-16 16:26:06.084437|
|acheson  |Kenny     |Acheson    |British    |http://en.wikipedia.org/wiki/Kenny_Acheson           |2025-02 |2026-06-16 16:26:06.084437|2026-06-16 16:26:06.084437|
+---------+----------+-----------+-----------+-----------------------------------------------------+--------+--------------------------+--------------------------+
only showing top 5 rows
