WARNING: Using incubator modules: jdk.incubator.vector
Using Spark's default log4j profile: org/apache/spark/log4j2-defaults.properties
26/06/25 10:46:53 WARN Utils: Your hostname, Manohars-MacBook-Air.local, resolves to a loopback address: 127.0.0.1; using 172.16.110.54 instead (on interface en0)
26/06/25 10:46:53 WARN Utils: Set SPARK_LOCAL_IP if you need to bind to another address
Using Spark's default log4j profile: org/apache/spark/log4j2-defaults.properties
Setting default log level to "WARN".
To adjust logging level use sc.setLogLevel(newLevel). For SparkR, use setLogLevel(newLevel).
26/06/25 10:46:53 WARN NativeCodeLoader: Unable to load native-hadoop library for your platform... using builtin-java classes where applicable
26/06/25 10:46:54 WARN SparkSession: Using an existing Spark session; only runtime SQL configurations will take effect.
26/06/25 10:46:56 WARN SparkStringUtils: Truncated the string representation of a plan since it was too large. This behavior can be adjusted by setting 'spark.sql.debug.maxToStringFields'.
[INFO] WORKSPACE = /Users/manoharazalki/F1-Analytics
[INFO] BATCH_ID  = 2025-02
[INFO] silver_helpers WORKSPACE = /Users/manoharazalki/F1-Analytics
[INFO] silver_helpers loaded successfully.
[INFO] Bronze path: /Users/manoharazalki/F1-Analytics/data/bronze/sprints/sprints.parquet
[INFO] Silver path: /Users/manoharazalki/F1-Analytics/data/silver/sprints/sprints.parquet
[INFO] ✔ Bronze sprints read
+----------+------------------+-----+------+-----------------------------------------------------+-------------+--------------+----+----+------+------+--------+------------+--------+--------------------------+--------------------------------------------------------------------------------+--------+
|date      |raceName          |round|season|url                                                  |constructorId|driverId      |grid|laps|number|points|position|positionText|status  |ingest_timestamp          |source_file                                                                     |batch_id|
+----------+------------------+-----+------+-----------------------------------------------------+-------------+--------------+----+----+------+------+--------+------------+--------+--------------------------+--------------------------------------------------------------------------------+--------+
|2025-03-23|chinese grand prix|2    |2025  |https://en.wikipedia.org/wiki/2025_Chinese_Grand_Prix|ferrari      |hamilton      |1   |19  |44    |8.0   |1       |1           |Finished|2026-06-25 10:46:25.304128|/Users/manoharazalki/F1-Analytics/data/landing/2025-02/sprints/sprints_2025.json|2025-02 |
|2025-03-23|chinese grand prix|2    |2025  |https://en.wikipedia.org/wiki/2025_Chinese_Grand_Prix|mclaren      |piastri       |3   |19  |81    |7.0   |2       |2           |Finished|2026-06-25 10:46:25.304128|/Users/manoharazalki/F1-Analytics/data/landing/2025-02/sprints/sprints_2025.json|2025-02 |
|2025-03-23|chinese grand prix|2    |2025  |https://en.wikipedia.org/wiki/2025_Chinese_Grand_Prix|red_bull     |max_verstappen|2   |19  |1     |6.0   |3       |3           |Finished|2026-06-25 10:46:25.304128|/Users/manoharazalki/F1-Analytics/data/landing/2025-02/sprints/sprints_2025.json|2025-02 |
|2025-03-23|chinese grand prix|2    |2025  |https://en.wikipedia.org/wiki/2025_Chinese_Grand_Prix|mercedes     |russell       |5   |19  |63    |5.0   |4       |4           |Finished|2026-06-25 10:46:25.304128|/Users/manoharazalki/F1-Analytics/data/landing/2025-02/sprints/sprints_2025.json|2025-02 |
|2025-03-23|chinese grand prix|2    |2025  |https://en.wikipedia.org/wiki/2025_Chinese_Grand_Prix|ferrari      |leclerc       |4   |19  |16    |4.0   |5       |5           |Finished|2026-06-25 10:46:25.304128|/Users/manoharazalki/F1-Analytics/data/landing/2025-02/sprints/sprints_2025.json|2025-02 |
+----------+------------------+-----+------+-----------------------------------------------------+-------------+--------------+----+----+------+------+--------+------------+--------+--------------------------+--------------------------------------------------------------------------------+--------+
only showing top 5 rows
[INFO] ✔ Sprints Silver written: /Users/manoharazalki/F1-Analytics/data/silver/sprints/sprints.parquet
+------+-----+--------------+---------+------------------+----------+-------------+--------------+----------+------+--------------+-------------------+--------+--------------------------+--------------------------------------------------------------------------------+--------+--------------------------+--------------------------+
|season|round|constructor_id|driver_id|race_name         |race_date |grid_position|completed_laps|car_number|points|final_position|final_position_text|status  |ingest_timestamp          |source_file                                                                     |batch_id|created_timestamp         |updated_timestamp         |
+------+-----+--------------+---------+------------------+----------+-------------+--------------+----------+------+--------------+-------------------+--------+--------------------------+--------------------------------------------------------------------------------+--------+--------------------------+--------------------------+
|2025  |2    |alpine        |doohan   |Chinese Grand Prix|2025-03-23|16           |19            |7         |0.0   |20            |20                 |Finished|2026-06-25 10:46:25.304128|/Users/manoharazalki/F1-Analytics/data/landing/2025-02/sprints/sprints_2025.json|2025-02 |2026-06-25 10:46:56.147832|2026-06-25 10:46:56.147832|
|2025  |2    |alpine        |gasly    |Chinese Grand Prix|2025-03-23|17           |19            |10        |0.0   |12            |12                 |Finished|2026-06-25 10:46:25.304128|/Users/manoharazalki/F1-Analytics/data/landing/2025-02/sprints/sprints_2025.json|2025-02 |2026-06-25 10:46:56.147832|2026-06-25 10:46:56.147832|
|2025  |2    |aston_martin  |alonso   |Chinese Grand Prix|2025-03-23|11           |19            |14        |0.0   |10            |10                 |Finished|2026-06-25 10:46:25.304128|/Users/manoharazalki/F1-Analytics/data/landing/2025-02/sprints/sprints_2025.json|2025-02 |2026-06-25 10:46:56.147832|2026-06-25 10:46:56.147832|
|2025  |2    |aston_martin  |stroll   |Chinese Grand Prix|2025-03-23|10           |19            |18        |0.0   |9             |9                  |Finished|2026-06-25 10:46:25.304128|/Users/manoharazalki/F1-Analytics/data/landing/2025-02/sprints/sprints_2025.json|2025-02 |2026-06-25 10:46:56.147832|2026-06-25 10:46:56.147832|
|2025  |2    |ferrari       |hamilton |Chinese Grand Prix|2025-03-23|1            |19            |44        |8.0   |1             |1                  |Finished|2026-06-25 10:46:25.304128|/Users/manoharazalki/F1-Analytics/data/landing/2025-02/sprints/sprints_2025.json|2025-02 |2026-06-25 10:46:56.147832|2026-06-25 10:46:56.147832|
+------+-----+--------------+---------+------------------+----------+-------------+--------------+----------+------+--------------+-------------------+--------+--------------------------+--------------------------------------------------------------------------------+--------+--------------------------+--------------------------+
only showing top 5 rows
