WARNING: Using incubator modules: jdk.incubator.vector
Using Spark's default log4j profile: org/apache/spark/log4j2-defaults.properties
26/06/25 10:46:42 WARN Utils: Your hostname, Manohars-MacBook-Air.local, resolves to a loopback address: 127.0.0.1; using 172.16.110.54 instead (on interface en0)
26/06/25 10:46:42 WARN Utils: Set SPARK_LOCAL_IP if you need to bind to another address
Using Spark's default log4j profile: org/apache/spark/log4j2-defaults.properties
Setting default log level to "WARN".
To adjust logging level use sc.setLogLevel(newLevel). For SparkR, use setLogLevel(newLevel).
26/06/25 10:46:43 WARN NativeCodeLoader: Unable to load native-hadoop library for your platform... using builtin-java classes where applicable
26/06/25 10:46:44 WARN SparkSession: Using an existing Spark session; only runtime SQL configurations will take effect.
[INFO] WORKSPACE = /Users/manoharazalki/F1-Analytics
[INFO] BATCH_ID  = 2025-02
[INFO] silver_helpers WORKSPACE = /Users/manoharazalki/F1-Analytics
[INFO] silver_helpers loaded successfully.
[INFO] Bronze path: /Users/manoharazalki/F1-Analytics/data/bronze/constructors/constructors.parquet
[INFO] Silver path: /Users/manoharazalki/F1-Analytics/data/silver/constructors/constructors.parquet
[INFO] ✔ Bronze constructors read
+-------------+----------+-----------+-----------------------------------------------------------------+--------------------------+------------------------------------------------------------------------+--------+
|constructorId|name      |nationality|url                                                              |ingest_timestamp          |source_file                                                             |batch_id|
+-------------+----------+-----------+-----------------------------------------------------------------+--------------------------+------------------------------------------------------------------------+--------+
|adams        |Adams     |american   |http://en.wikipedia.org/wiki/Adams_(constructor)                 |2026-06-25 10:46:17.050691|/Users/manoharazalki/F1-Analytics/data/landing/2025-02/constructors.json|2025-02 |
|afm          |AFM       |german     |http://en.wikipedia.org/wiki/Alex_von_Falkenhausen_Motorenbau    |2026-06-25 10:46:17.050691|/Users/manoharazalki/F1-Analytics/data/landing/2025-02/constructors.json|2025-02 |
|ags          |AGS       |french     |http://en.wikipedia.org/wiki/Automobiles_Gonfaronnaises_Sportives|2026-06-25 10:46:17.050691|/Users/manoharazalki/F1-Analytics/data/landing/2025-02/constructors.json|2025-02 |
|alfa         |Alfa Romeo|swiss      |http://en.wikipedia.org/wiki/Alfa_Romeo_in_Formula_One           |2026-06-25 10:46:17.050691|/Users/manoharazalki/F1-Analytics/data/landing/2025-02/constructors.json|2025-02 |
|alphatauri   |AlphaTauri|italian    |http://en.wikipedia.org/wiki/Scuderia_AlphaTauri                 |2026-06-25 10:46:17.050691|/Users/manoharazalki/F1-Analytics/data/landing/2025-02/constructors.json|2025-02 |
+-------------+----------+-----------+-----------------------------------------------------------------+--------------------------+------------------------------------------------------------------------+--------+
only showing top 5 rows
[INFO] ✔ Constructors Silver written: /Users/manoharazalki/F1-Analytics/data/silver/constructors/constructors.parquet
+--------------+----------------+-----------+-----------------------------------------------------------------+--------------------------+------------------------------------------------------------------------+--------+--------------------------+--------------------------+
|constructor_id|constructor_name|nationality|url                                                              |ingest_timestamp          |source_file                                                             |batch_id|created_timestamp         |updated_timestamp         |
+--------------+----------------+-----------+-----------------------------------------------------------------+--------------------------+------------------------------------------------------------------------+--------+--------------------------+--------------------------+
|adams         |Adams           |American   |http://en.wikipedia.org/wiki/Adams_(constructor)                 |2026-06-25 10:46:17.050691|/Users/manoharazalki/F1-Analytics/data/landing/2025-02/constructors.json|2025-02 |2026-06-25 10:46:46.021486|2026-06-25 10:46:46.021486|
|afm           |Afm             |German     |http://en.wikipedia.org/wiki/Alex_von_Falkenhausen_Motorenbau    |2026-06-25 10:46:17.050691|/Users/manoharazalki/F1-Analytics/data/landing/2025-02/constructors.json|2025-02 |2026-06-25 10:46:46.021486|2026-06-25 10:46:46.021486|
|ags           |Ags             |French     |http://en.wikipedia.org/wiki/Automobiles_Gonfaronnaises_Sportives|2026-06-25 10:46:17.050691|/Users/manoharazalki/F1-Analytics/data/landing/2025-02/constructors.json|2025-02 |2026-06-25 10:46:46.021486|2026-06-25 10:46:46.021486|
|alfa          |Alfa Romeo      |Swiss      |http://en.wikipedia.org/wiki/Alfa_Romeo_in_Formula_One           |2026-06-25 10:46:17.050691|/Users/manoharazalki/F1-Analytics/data/landing/2025-02/constructors.json|2025-02 |2026-06-25 10:46:46.021486|2026-06-25 10:46:46.021486|
|alphatauri    |Alphatauri      |Italian    |http://en.wikipedia.org/wiki/Scuderia_AlphaTauri                 |2026-06-25 10:46:17.050691|/Users/manoharazalki/F1-Analytics/data/landing/2025-02/constructors.json|2025-02 |2026-06-25 10:46:46.021486|2026-06-25 10:46:46.021486|
+--------------+----------------+-----------+-----------------------------------------------------------------+--------------------------+------------------------------------------------------------------------+--------+--------------------------+--------------------------+
only showing top 5 rows
