WARNING: Using incubator modules: jdk.incubator.vector
Using Spark's default log4j profile: org/apache/spark/log4j2-defaults.properties
26/06/25 10:46:27 WARN Utils: Your hostname, Manohars-MacBook-Air.local, resolves to a loopback address: 127.0.0.1; using 172.16.110.54 instead (on interface en0)
26/06/25 10:46:27 WARN Utils: Set SPARK_LOCAL_IP if you need to bind to another address
Using Spark's default log4j profile: org/apache/spark/log4j2-defaults.properties
Setting default log level to "WARN".
To adjust logging level use sc.setLogLevel(newLevel). For SparkR, use setLogLevel(newLevel).
26/06/25 10:46:28 WARN NativeCodeLoader: Unable to load native-hadoop library for your platform... using builtin-java classes where applicable
26/06/25 10:46:29 WARN SparkSession: Using an existing Spark session; only runtime SQL configurations will take effect.
[INFO] WORKSPACE = /Users/manoharazalki/F1-Analytics
[INFO] BATCH_ID  = 2025-02
[INFO] silver_helpers WORKSPACE = /Users/manoharazalki/F1-Analytics
[INFO] silver_helpers loaded successfully.
[INFO] Bronze path: /Users/manoharazalki/F1-Analytics/data/bronze/circuits/circuits.parquet
[INFO] Silver path: /Users/manoharazalki/F1-Analytics/data/silver/circuits/circuits.parquet
[INFO] ✔ Bronze circuits read
+---------+--------------------+--------------------+--------+--------+----------+---------+--------------------+--------------------+--------+
|circuitId|                 url|         circuitName|     lat|    long|  locality|  country|    ingest_timestamp|         source_file|batch_id|
+---------+--------------------+--------------------+--------+--------+----------+---------+--------------------+--------------------+--------+
|     NULL|https://en.wikipe...|circuit gilles vi...|    45.5|-73.5228|  montreal|   Canada|2026-06-25 10:46:...|/Users/manoharaza...| 2025-02|
|     NULL|https://en.wikipe...|losail internatio...|   25.49| 51.4542|    lusail|    Qatar|2026-06-25 10:46:...|/Users/manoharaza...| 2025-02|
| adelaide|https://en.wikipe...|adelaide street c...|-34.9272| 138.617|  adelaide|Australia|2026-06-25 10:46:...|/Users/manoharaza...| 2025-02|
| ain-diab|https://en.wikipe...|            ain diab| 33.5786| -7.6875|casablanca|  Morocco|2026-06-25 10:46:...|/Users/manoharaza...| 2025-02|
|  aintree|https://en.wikipe...|             aintree| 53.4769|-2.94056| liverpool|       UK|2026-06-25 10:46:...|/Users/manoharaza...| 2025-02|
+---------+--------------------+--------------------+--------+--------+----------+---------+--------------------+--------------------+--------+
only showing top 5 rows
[INFO] ✔ Circuits Silver written: /Users/manoharazalki/F1-Analytics/data/silver/circuits/circuits.parquet
+-----------+--------------------+--------+---------+----------+------------+--------------------+--------------------+--------+--------------------+--------------------+
| circuit_id|        circuit_name|latitude|longitude|  locality|country_name|    ingest_timestamp|         source_file|batch_id|   created_timestamp|   updated_timestamp|
+-----------+--------------------+--------+---------+----------+------------+--------------------+--------------------+--------+--------------------+--------------------+
|   adelaide|Adelaide Street C...|-34.9272|  138.617|  Adelaide|   Australia|2026-06-25 10:46:...|/Users/manoharaza...| 2025-02|2026-06-25 10:46:...|2026-06-25 10:46:...|
|   ain-diab|            Ain Diab| 33.5786|  -7.6875|Casablanca|     Morocco|2026-06-25 10:46:...|/Users/manoharaza...| 2025-02|2026-06-25 10:46:...|2026-06-25 10:46:...|
|    aintree|             Aintree| 53.4769| -2.94056| Liverpool|          UK|2026-06-25 10:46:...|/Users/manoharaza...| 2025-02|2026-06-25 10:46:...|2026-06-25 10:46:...|
|albert_park|Albert Park Grand...|-37.8497|  144.968| Melbourne|   Australia|2026-06-25 10:46:...|/Users/manoharaza...| 2025-02|2026-06-25 10:46:...|2026-06-25 10:46:...|
|   americas|Circuit Of The Am...| 30.1328| -97.6411|    Austin|         USA|2026-06-25 10:46:...|/Users/manoharaza...| 2025-02|2026-06-25 10:46:...|2026-06-25 10:46:...|
+-----------+--------------------+--------+---------+----------+------------+--------------------+--------------------+--------+--------------------+--------------------+
only showing top 5 rows
