WARNING: Using incubator modules: jdk.incubator.vector
Using Spark's default log4j profile: org/apache/spark/log4j2-defaults.properties
26/06/18 16:10:29 WARN Utils: Your hostname, Manohars-MacBook-Air.local, resolves to a loopback address: 127.0.0.1; using 172.16.110.54 instead (on interface en0)
26/06/18 16:10:29 WARN Utils: Set SPARK_LOCAL_IP if you need to bind to another address
Using Spark's default log4j profile: org/apache/spark/log4j2-defaults.properties
Setting default log level to "WARN".
To adjust logging level use sc.setLogLevel(newLevel). For SparkR, use setLogLevel(newLevel).
26/06/18 16:10:29 WARN NativeCodeLoader: Unable to load native-hadoop library for your platform... using builtin-java classes where applicable
26/06/18 16:10:30 WARN SparkSession: Using an existing Spark session; only runtime SQL configurations will take effect.
[INFO] WORKSPACE = /Users/manoharazalki/F1-Analytics
[INFO] BATCH_ID  = 2025-02
[INFO] silver_helpers WORKSPACE = /Users/manoharazalki/F1-Analytics
[INFO] silver_helpers loaded successfully.
[INFO] Bronze path: /Users/manoharazalki/F1-Analytics/data/bronze/races/races.parquet
[INFO] Silver path: /Users/manoharazalki/F1-Analytics/data/silver/races/races.parquet
[INFO] ✔ Bronze races read
+------+-----+--------------------+------------------+----------+------------+--------------------+--------------------+--------+
|season|round|                 url|          raceName|      date|   circuitId|    ingest_timestamp|         source_file|batch_id|
+------+-----+--------------------+------------------+----------+------------+--------------------+--------------------+--------+
|  1950|    1|https://en.wikipe...|british grand prix|1950-05-13| silverstone|2026-06-18 16:10:...|/Users/manoharaza...| 2025-02|
|  1950|    2|https://en.wikipe...| monaco grand prix|1950-05-21|      monaco|2026-06-18 16:10:...|/Users/manoharaza...| 2025-02|
|  1950|    3|https://en.wikipe...|  indianapolis 500|1950-05-30|indianapolis|2026-06-18 16:10:...|/Users/manoharaza...| 2025-02|
|  1950|    4|https://en.wikipe...|  swiss grand prix|1950-06-04|  bremgarten|2026-06-18 16:10:...|/Users/manoharaza...| 2025-02|
|  1950|    5|https://en.wikipe...|belgian grand prix|1950-06-18|         spa|2026-06-18 16:10:...|/Users/manoharaza...| 2025-02|
+------+-----+--------------------+------------------+----------+------------+--------------------+--------------------+--------+
only showing top 5 rows
[INFO] ✔ Races Silver written: /Users/manoharazalki/F1-Analytics/data/silver/races/races.parquet
+----+-----+------------------+----------+------------+--------------------+--------------------+--------+--------------------+--------------------+
|year|round|         race_name| race_date|  circuit_id|    ingest_timestamp|         source_file|batch_id|   created_timestamp|   updated_timestamp|
+----+-----+------------------+----------+------------+--------------------+--------------------+--------+--------------------+--------------------+
|1950|    1|British Grand Prix|1950-05-13| silverstone|2026-06-18 16:10:...|/Users/manoharaza...| 2025-02|2026-06-18 16:10:...|2026-06-18 16:10:...|
|1950|    2| Monaco Grand Prix|1950-05-21|      monaco|2026-06-18 16:10:...|/Users/manoharaza...| 2025-02|2026-06-18 16:10:...|2026-06-18 16:10:...|
|1950|    3|  Indianapolis 500|1950-05-30|indianapolis|2026-06-18 16:10:...|/Users/manoharaza...| 2025-02|2026-06-18 16:10:...|2026-06-18 16:10:...|
|1950|    4|  Swiss Grand Prix|1950-06-04|  bremgarten|2026-06-18 16:10:...|/Users/manoharaza...| 2025-02|2026-06-18 16:10:...|2026-06-18 16:10:...|
|1950|    5|Belgian Grand Prix|1950-06-18|         spa|2026-06-18 16:10:...|/Users/manoharaza...| 2025-02|2026-06-18 16:10:...|2026-06-18 16:10:...|
+----+-----+------------------+----------+------------+--------------------+--------------------+--------+--------------------+--------------------+
only showing top 5 rows
