WARNING: Using incubator modules: jdk.incubator.vector
Using Spark's default log4j profile: org/apache/spark/log4j2-defaults.properties
26/06/25 10:46:37 WARN Utils: Your hostname, Manohars-MacBook-Air.local, resolves to a loopback address: 127.0.0.1; using 172.16.110.54 instead (on interface en0)
26/06/25 10:46:37 WARN Utils: Set SPARK_LOCAL_IP if you need to bind to another address
Using Spark's default log4j profile: org/apache/spark/log4j2-defaults.properties
Setting default log level to "WARN".
To adjust logging level use sc.setLogLevel(newLevel). For SparkR, use setLogLevel(newLevel).
26/06/25 10:46:38 WARN NativeCodeLoader: Unable to load native-hadoop library for your platform... using builtin-java classes where applicable
26/06/25 10:46:39 WARN SparkSession: Using an existing Spark session; only runtime SQL configurations will take effect.
[INFO] WORKSPACE = /Users/manoharazalki/F1-Analytics
[INFO] BATCH_ID  = 2025-02
[INFO] silver_helpers WORKSPACE = /Users/manoharazalki/F1-Analytics
[INFO] silver_helpers loaded successfully.
[INFO] Bronze path: /Users/manoharazalki/F1-Analytics/data/bronze/drivers/drivers.parquet
[INFO] Silver path: /Users/manoharazalki/F1-Analytics/data/silver/drivers/drivers.parquet
[INFO] ✔ Bronze drivers read
+---------+-------------------+-----------+-----------+----------------------------------------------+------------------------+-------------------------------------------------------------------+--------+
|driverId |name               |dateOfBirth|nationality|url                                           |ingest_timestamp        |source_file                                                        |batch_id|
+---------+-------------------+-----------+-----------+----------------------------------------------+------------------------+-------------------------------------------------------------------+--------+
|abate    |{carlo, abate}     |1932-07-10 |italian    |http://en.wikipedia.org/wiki/Carlo_Mario_Abate|2026-06-25 10:46:12.9314|/Users/manoharazalki/F1-Analytics/data/landing/2025-02/drivers.json|2025-02 |
|abecassis|{george, abecassis}|1913-03-21 |british    |http://en.wikipedia.org/wiki/George_Abecassis |2026-06-25 10:46:12.9314|/Users/manoharazalki/F1-Analytics/data/landing/2025-02/drivers.json|2025-02 |
|acheson  |{kenny, acheson}   |1957-11-27 |british    |http://en.wikipedia.org/wiki/Kenny_Acheson    |2026-06-25 10:46:12.9314|/Users/manoharazalki/F1-Analytics/data/landing/2025-02/drivers.json|2025-02 |
|adams    |{philippe, adams}  |1969-11-19 |belgian    |http://en.wikipedia.org/wiki/Philippe_Adams   |2026-06-25 10:46:12.9314|/Users/manoharazalki/F1-Analytics/data/landing/2025-02/drivers.json|2025-02 |
|ader     |{walt, ader}       |1913-12-15 |american   |http://en.wikipedia.org/wiki/Walt_Ader        |2026-06-25 10:46:12.9314|/Users/manoharazalki/F1-Analytics/data/landing/2025-02/drivers.json|2025-02 |
+---------+-------------------+-----------+-----------+----------------------------------------------+------------------------+-------------------------------------------------------------------+--------+
only showing top 5 rows
[INFO] ✔ Drivers Silver written: /Users/manoharazalki/F1-Analytics/data/silver/drivers/drivers.parquet
+---------+----------+-----------+-------------+-----------+-----------------------------------------------------+------------------------+-------------------------------------------------------------------+--------+--------------------------+--------------------------+
|driver_id|given_name|family_name|date_of_birth|nationality|url                                                  |ingest_timestamp        |source_file                                                        |batch_id|created_timestamp         |updated_timestamp         |
+---------+----------+-----------+-------------+-----------+-----------------------------------------------------+------------------------+-------------------------------------------------------------------+--------+--------------------------+--------------------------+
|Cannoc   |John      |Cannon     |1933-06-21   |Canadian   |http://en.wikipedia.org/wiki/John_Cannon_(auto_racer)|2026-06-25 10:46:12.9314|/Users/manoharazalki/F1-Analytics/data/landing/2025-02/drivers.json|2025-02 |2026-06-25 10:46:41.037805|2026-06-25 10:46:41.037805|
|Changy   |Alain     |De Changy  |1922-02-05   |Belgian    |http://en.wikipedia.org/wiki/Alain_de_Changy         |2026-06-25 10:46:12.9314|/Users/manoharazalki/F1-Analytics/data/landing/2025-02/drivers.json|2025-02 |2026-06-25 10:46:41.037805|2026-06-25 10:46:41.037805|
|abate    |Carlo     |Abate      |1932-07-10   |Italian    |http://en.wikipedia.org/wiki/Carlo_Mario_Abate       |2026-06-25 10:46:12.9314|/Users/manoharazalki/F1-Analytics/data/landing/2025-02/drivers.json|2025-02 |2026-06-25 10:46:41.037805|2026-06-25 10:46:41.037805|
|abecassis|George    |Abecassis  |1913-03-21   |British    |http://en.wikipedia.org/wiki/George_Abecassis        |2026-06-25 10:46:12.9314|/Users/manoharazalki/F1-Analytics/data/landing/2025-02/drivers.json|2025-02 |2026-06-25 10:46:41.037805|2026-06-25 10:46:41.037805|
|acheson  |Kenny     |Acheson    |1957-11-27   |British    |http://en.wikipedia.org/wiki/Kenny_Acheson           |2026-06-25 10:46:12.9314|/Users/manoharazalki/F1-Analytics/data/landing/2025-02/drivers.json|2025-02 |2026-06-25 10:46:41.037805|2026-06-25 10:46:41.037805|
+---------+----------+-----------+-------------+-----------+-----------------------------------------------------+------------------------+-------------------------------------------------------------------+--------+--------------------------+--------------------------+
only showing top 5 rows
